{"/home/sunay/AA/KEVIT/FINALTASK/src/app.ts": {"path":"/home/sunay/AA/KEVIT/FINALTASK/src/app.ts","statementMap":{"0":{"start":{"line":1,"column":0},"end":{"line":1,"column":29}},"1":{"start":{"line":2,"column":0},"end":{"line":2,"column":42}},"2":{"start":{"line":3,"column":0},"end":{"line":3,"column":29}},"3":{"start":{"line":4,"column":0},"end":{"line":4,"column":33}},"4":{"start":{"line":6,"column":0},"end":{"line":6,"column":35}},"5":{"start":{"line":7,"column":0},"end":{"line":7,"column":32}},"6":{"start":{"line":9,"column":0},"end":{"line":9,"column":53}},"7":{"start":{"line":10,"column":0},"end":{"line":10,"column":30}},"8":{"start":{"line":12,"column":0},"end":{"line":12,"column":45}},"9":{"start":{"line":15,"column":0},"end":{"line":15,"column":16}},"10":{"start":{"line":16,"column":25},"end":{"line":16,"column":43}},"11":{"start":{"line":17,"column":30},"end":{"line":17,"column":48}},"12":{"start":{"line":24,"column":2},"end":{"line":24,"column":23}},"13":{"start":{"line":26,"column":17},"end":{"line":26,"column":44}},"14":{"start":{"line":27,"column":2},"end":{"line":29,"column":5}},"15":{"start":{"line":28,"column":3},"end":{"line":28,"column":32}},"16":{"start":{"line":30,"column":2},"end":{"line":30,"column":16}},"17":{"start":{"line":31,"column":2},"end":{"line":31,"column":20}},"18":{"start":{"line":39,"column":2},"end":{"line":54,"column":4}},"19":{"start":{"line":55,"column":2},"end":{"line":55,"column":34}},"20":{"start":{"line":56,"column":2},"end":{"line":56,"column":44}},"21":{"start":{"line":62,"column":20},"end":{"line":65,"column":4}},"22":{"start":{"line":67,"column":2},"end":{"line":67,"column":40}},"23":{"start":{"line":70,"column":2},"end":{"line":72,"column":5}},"24":{"start":{"line":71,"column":3},"end":{"line":71,"column":25}},"25":{"start":{"line":74,"column":2},"end":{"line":76,"column":5}},"26":{"start":{"line":75,"column":3},"end":{"line":75,"column":39}},"27":{"start":{"line":78,"column":2},"end":{"line":80,"column":5}},"28":{"start":{"line":79,"column":3},"end":{"line":79,"column":53}},"29":{"start":{"line":84,"column":0},"end":{"line":84,"column":39}}},"fnMap":{"0":{"name":"(anonymous_0)","decl":{"start":{"line":23,"column":1},"end":{"line":23,"column":null}},"loc":{"start":{"line":23,"column":1},"end":{"line":32,"column":2}}},"1":{"name":"(anonymous_1)","decl":{"start":{"line":27,"column":43},"end":{"line":27,"column":46}},"loc":{"start":{"line":27,"column":48},"end":{"line":29,"column":3}}},"2":{"name":"(anonymous_2)","decl":{"start":{"line":37,"column":9},"end":{"line":37,"column":15}},"loc":{"start":{"line":37,"column":15},"end":{"line":57,"column":2}}},"3":{"name":"(anonymous_3)","decl":{"start":{"line":60,"column":9},"end":{"line":60,"column":19}},"loc":{"start":{"line":60,"column":19},"end":{"line":81,"column":2}}},"4":{"name":"(anonymous_4)","decl":{"start":{"line":70,"column":38},"end":{"line":70,"column":41}},"loc":{"start":{"line":70,"column":43},"end":{"line":72,"column":3}}},"5":{"name":"(anonymous_5)","decl":{"start":{"line":74,"column":34},"end":{"line":74,"column":35}},"loc":{"start":{"line":74,"column":42},"end":{"line":76,"column":3}}},"6":{"name":"(anonymous_6)","decl":{"start":{"line":78,"column":41},"end":{"line":78,"column":44}},"loc":{"start":{"line":78,"column":46},"end":{"line":80,"column":3}}}},"branchMap":{},"s":{"0":3,"1":3,"2":3,"3":3,"4":3,"5":3,"6":3,"7":3,"8":3,"9":3,"10":3,"11":3,"12":3,"13":3,"14":3,"15":3,"16":3,"17":3,"18":3,"19":3,"20":3,"21":3,"22":3,"23":3,"24":3,"25":3,"26":0,"27":3,"28":0,"29":3},"f":{"0":3,"1":3,"2":3,"3":3,"4":3,"5":0,"6":0},"b":{}}
,"/home/sunay/AA/KEVIT/FINALTASK/src/application.routes.ts": {"path":"/home/sunay/AA/KEVIT/FINALTASK/src/application.routes.ts","statementMap":{"0":{"start":{"line":2,"column":0},"end":{"line":2,"column":73}},"1":{"start":{"line":3,"column":0},"end":{"line":3,"column":73}},"2":{"start":{"line":4,"column":0},"end":{"line":4,"column":64}},"3":{"start":{"line":5,"column":0},"end":{"line":5,"column":64}},"4":{"start":{"line":7,"column":0},"end":{"line":7,"column":33}},"5":{"start":{"line":12,"column":2},"end":{"line":12,"column":27}},"6":{"start":{"line":13,"column":2},"end":{"line":13,"column":43}},"7":{"start":{"line":14,"column":2},"end":{"line":14,"column":37}},"8":{"start":{"line":15,"column":2},"end":{"line":15,"column":37}},"9":{"start":{"line":16,"column":2},"end":{"line":16,"column":43}},"10":{"start":{"line":10,"column":0},"end":{"line":10,"column":21}}},"fnMap":{"0":{"name":"(anonymous_0)","decl":{"start":{"line":11,"column":8},"end":{"line":11,"column":14}},"loc":{"start":{"line":11,"column":45},"end":{"line":17,"column":2}}}},"branchMap":{},"s":{"0":3,"1":3,"2":3,"3":3,"4":3,"5":3,"6":3,"7":3,"8":3,"9":3,"10":3},"f":{"0":3},"b":{}}
,"/home/sunay/AA/KEVIT/FINALTASK/src/config.ts": {"path":"/home/sunay/AA/KEVIT/FINALTASK/src/config.ts","statementMap":{"0":{"start":{"line":1,"column":15},"end":{"line":14,"column":2}},"1":{"start":{"line":16,"column":0},"end":{"line":16,"column":22}}},"fnMap":{},"branchMap":{"0":{"loc":{"start":{"line":4,"column":7},"end":{"line":4,"column":65}},"type":"binary-expr","locations":[{"start":{"line":4,"column":7},"end":{"line":4,"column":30}},{"start":{"line":4,"column":34},"end":{"line":4,"column":65}}]},"1":{"loc":{"start":{"line":7,"column":8},"end":{"line":7,"column":32}},"type":"binary-expr","locations":[{"start":{"line":7,"column":8},"end":{"line":7,"column":24}},{"start":{"line":7,"column":28},"end":{"line":7,"column":32}}]},"2":{"loc":{"start":{"line":8,"column":12},"end":{"line":8,"column":42}},"type":"binary-expr","locations":[{"start":{"line":8,"column":12},"end":{"line":8,"column":33}},{"start":{"line":8,"column":37},"end":{"line":8,"column":42}}]},"3":{"loc":{"start":{"line":9,"column":17},"end":{"line":9,"column":55}},"type":"binary-expr","locations":[{"start":{"line":9,"column":17},"end":{"line":9,"column":44}},{"start":{"line":9,"column":48},"end":{"line":9,"column":55}}]},"4":{"loc":{"start":{"line":12,"column":11},"end":{"line":12,"column":48}},"type":"binary-expr","locations":[{"start":{"line":12,"column":11},"end":{"line":12,"column":30}},{"start":{"line":12,"column":34},"end":{"line":12,"column":48}}]}},"s":{"0":3,"1":3},"f":{},"b":{"0":[3,3],"1":[3,3],"2":[3,3],"3":[3,3],"4":[3,3]}}
,"/home/sunay/AA/KEVIT/FINALTASK/src/index.ts": {"path":"/home/sunay/AA/KEVIT/FINALTASK/src/index.ts","statementMap":{"0":{"start":{"line":1,"column":0},"end":{"line":1,"column":33}},"1":{"start":{"line":7,"column":2},"end":{"line":7,"column":25}},"2":{"start":{"line":8,"column":2},"end":{"line":8,"column":26}},"3":{"start":{"line":13,"column":2},"end":{"line":15,"column":5}},"4":{"start":{"line":14,"column":3},"end":{"line":14,"column":46}},"5":{"start":{"line":19,"column":0},"end":{"line":19,"column":39}}},"fnMap":{"0":{"name":"(anonymous_0)","decl":{"start":{"line":6,"column":1},"end":{"line":6,"column":null}},"loc":{"start":{"line":6,"column":1},"end":{"line":9,"column":2}}},"1":{"name":"(anonymous_1)","decl":{"start":{"line":12,"column":1},"end":{"line":12,"column":17}},"loc":{"start":{"line":12,"column":17},"end":{"line":16,"column":2}}},"2":{"name":"(anonymous_2)","decl":{"start":{"line":13,"column":23},"end":{"line":13,"column":24}},"loc":{"start":{"line":13,"column":36},"end":{"line":15,"column":3}}}},"branchMap":{},"s":{"0":3,"1":3,"2":3,"3":3,"4":0,"5":3},"f":{"0":3,"1":3,"2":0},"b":{}}
,"/home/sunay/AA/KEVIT/FINALTASK/src/Components/Attendance/attendance.DAL.ts": {"path":"/home/sunay/AA/KEVIT/FINALTASK/src/Components/Attendance/attendance.DAL.ts","statementMap":{"0":{"start":{"line":1,"column":0},"end":{"line":1,"column":57}},"1":{"start":{"line":8,"column":1},"end":{"line":31,"column":null}},"2":{"start":{"line":9,"column":2},"end":{"line":27,"column":5}},"3":{"start":{"line":10,"column":3},"end":{"line":26,"column":null}},"4":{"start":{"line":11,"column":20},"end":{"line":11,"column":63}},"5":{"start":{"line":12,"column":4},"end":{"line":25,"column":null}},"6":{"start":{"line":14,"column":16},"end":{"line":14,"column":45}},"7":{"start":{"line":17,"column":5},"end":{"line":20,"column":8}},"8":{"start":{"line":22,"column":5},"end":{"line":22,"column":26}},"9":{"start":{"line":24,"column":5},"end":{"line":24,"column":23}},"10":{"start":{"line":28,"column":2},"end":{"line":28,"column":14}},"11":{"start":{"line":30,"column":2},"end":{"line":30,"column":25}},"12":{"start":{"line":7,"column":0},"end":{"line":7,"column":7}}},"fnMap":{"0":{"name":"fillAttendance","decl":{"start":{"line":7,"column":22},"end":{"line":7,"column":36}},"loc":{"start":{"line":7,"column":51},"end":{"line":32,"column":1}}},"1":{"name":"(anonymous_1)","decl":{"start":{"line":9,"column":21},"end":{"line":9,"column":26}},"loc":{"start":{"line":9,"column":42},"end":{"line":27,"column":3}}},"2":{"name":"(anonymous_2)","decl":{"start":{"line":14,"column":6},"end":{"line":14,"column":7}},"loc":{"start":{"line":14,"column":16},"end":{"line":14,"column":45}}}},"branchMap":{"0":{"loc":{"start":{"line":10,"column":3},"end":{"line":26,"column":null}},"type":"if","locations":[{"start":{"line":10,"column":3},"end":{"line":26,"column":null}}]},"1":{"loc":{"start":{"line":10,"column":7},"end":{"line":10,"column":68}},"type":"binary-expr","locations":[{"start":{"line":10,"column":7},"end":{"line":10,"column":27}},{"start":{"line":10,"column":31},"end":{"line":10,"column":46}},{"start":{"line":10,"column":50},"end":{"line":10,"column":68}}]},"2":{"loc":{"start":{"line":12,"column":4},"end":{"line":25,"column":null}},"type":"if","locations":[{"start":{"line":12,"column":4},"end":{"line":25,"column":null}},{"start":{"line":23,"column":11},"end":{"line":25,"column":null}}]}},"s":{"0":3,"1":0,"2":0,"3":0,"4":0,"5":0,"6":0,"7":0,"8":0,"9":0,"10":0,"11":0,"12":3},"f":{"0":0,"1":0,"2":0},"b":{"0":[0],"1":[0,0,0],"2":[0,0]}}
,"/home/sunay/AA/KEVIT/FINALTASK/src/Components/Attendance/attendance.controller.ts": {"path":"/home/sunay/AA/KEVIT/FINALTASK/src/Components/Attendance/attendance.controller.ts","statementMap":{"0":{"start":{"line":3,"column":0},"end":{"line":3,"column":50}},"1":{"start":{"line":12,"column":2},"end":{"line":26,"column":null}},"2":{"start":{"line":13,"column":3},"end":{"line":13,"column":28}},"3":{"start":{"line":14,"column":3},"end":{"line":20,"column":6}},"4":{"start":{"line":22,"column":3},"end":{"line":25,"column":6}},"5":{"start":{"line":29,"column":0},"end":{"line":29,"column":33}}},"fnMap":{"0":{"name":"(anonymous_0)","decl":{"start":{"line":11,"column":1},"end":{"line":11,"column":6}},"loc":{"start":{"line":11,"column":49},"end":{"line":27,"column":2}}}},"branchMap":{},"s":{"0":3,"1":0,"2":0,"3":0,"4":0,"5":3},"f":{"0":0},"b":{}}
,"/home/sunay/AA/KEVIT/FINALTASK/src/Components/Attendance/attendance.routes.ts": {"path":"/home/sunay/AA/KEVIT/FINALTASK/src/Components/Attendance/attendance.routes.ts","statementMap":{"0":{"start":{"line":1,"column":0},"end":{"line":1,"column":33}},"1":{"start":{"line":3,"column":0},"end":{"line":3,"column":56}},"2":{"start":{"line":4,"column":0},"end":{"line":4,"column":52}},"3":{"start":{"line":5,"column":0},"end":{"line":5,"column":59}},"4":{"start":{"line":10,"column":1},"end":{"line":10,"column":51}},"5":{"start":{"line":13,"column":2},"end":{"line":13,"column":25}},"6":{"start":{"line":14,"column":2},"end":{"line":14,"column":26}},"7":{"start":{"line":19,"column":2},"end":{"line":24,"column":4}},"8":{"start":{"line":28,"column":0},"end":{"line":28,"column":45}}},"fnMap":{"0":{"name":"(anonymous_0)","decl":{"start":{"line":12,"column":1},"end":{"line":12,"column":null}},"loc":{"start":{"line":12,"column":1},"end":{"line":15,"column":2}}},"1":{"name":"(anonymous_1)","decl":{"start":{"line":17,"column":1},"end":{"line":17,"column":17}},"loc":{"start":{"line":17,"column":17},"end":{"line":25,"column":2}}}},"branchMap":{},"s":{"0":3,"1":3,"2":3,"3":3,"4":3,"5":3,"6":3,"7":3,"8":3},"f":{"0":3,"1":3},"b":{}}
,"/home/sunay/AA/KEVIT/FINALTASK/src/Components/Department/department.DAL.ts": {"path":"/home/sunay/AA/KEVIT/FINALTASK/src/Components/Department/department.DAL.ts","statementMap":{"0":{"start":{"line":4,"column":0},"end":{"line":4,"column":44}},"1":{"start":{"line":12,"column":1},"end":{"line":16,"column":null}},"2":{"start":{"line":13,"column":2},"end":{"line":13,"column":49}},"3":{"start":{"line":15,"column":2},"end":{"line":15,"column":25}},"4":{"start":{"line":11,"column":0},"end":{"line":11,"column":7}},"5":{"start":{"line":24,"column":1},"end":{"line":28,"column":null}},"6":{"start":{"line":25,"column":2},"end":{"line":25,"column":51}},"7":{"start":{"line":27,"column":2},"end":{"line":27,"column":25}},"8":{"start":{"line":23,"column":0},"end":{"line":23,"column":7}},"9":{"start":{"line":37,"column":1},"end":{"line":41,"column":null}},"10":{"start":{"line":38,"column":2},"end":{"line":38,"column":39}},"11":{"start":{"line":40,"column":2},"end":{"line":40,"column":25}},"12":{"start":{"line":36,"column":0},"end":{"line":36,"column":7}}},"fnMap":{"0":{"name":"createDepartment","decl":{"start":{"line":11,"column":22},"end":{"line":11,"column":38}},"loc":{"start":{"line":11,"column":61},"end":{"line":17,"column":1}}},"1":{"name":"findDepartments","decl":{"start":{"line":23,"column":22},"end":{"line":23,"column":37}},"loc":{"start":{"line":23,"column":37},"end":{"line":29,"column":1}}},"2":{"name":"findDepartmentById","decl":{"start":{"line":36,"column":22},"end":{"line":36,"column":40}},"loc":{"start":{"line":36,"column":51},"end":{"line":42,"column":1}}}},"branchMap":{},"s":{"0":3,"1":1,"2":1,"3":0,"4":3,"5":1,"6":1,"7":0,"8":3,"9":2,"10":2,"11":0,"12":3},"f":{"0":1,"1":1,"2":2},"b":{}}
,"/home/sunay/AA/KEVIT/FINALTASK/src/Components/Department/department.controller.ts": {"path":"/home/sunay/AA/KEVIT/FINALTASK/src/Components/Department/department.controller.ts","statementMap":{"0":{"start":{"line":4,"column":0},"end":{"line":4,"column":null}},"1":{"start":{"line":19,"column":2},"end":{"line":38,"column":null}},"2":{"start":{"line":20,"column":43},"end":{"line":20,"column":51}},"3":{"start":{"line":21,"column":22},"end":{"line":21,"column":59}},"4":{"start":{"line":22,"column":3},"end":{"line":29,"column":6}},"5":{"start":{"line":31,"column":3},"end":{"line":37,"column":6}},"6":{"start":{"line":47,"column":2},"end":{"line":65,"column":null}},"7":{"start":{"line":48,"column":23},"end":{"line":48,"column":46}},"8":{"start":{"line":49,"column":3},"end":{"line":56,"column":6}},"9":{"start":{"line":58,"column":3},"end":{"line":64,"column":6}},"10":{"start":{"line":74,"column":2},"end":{"line":97,"column":null}},"11":{"start":{"line":75,"column":14},"end":{"line":75,"column":27}},"12":{"start":{"line":76,"column":22},"end":{"line":76,"column":50}},"13":{"start":{"line":77,"column":3},"end":{"line":82,"column":null}},"14":{"start":{"line":78,"column":4},"end":{"line":81,"column":7}},"15":{"start":{"line":83,"column":3},"end":{"line":85,"column":null}},"16":{"start":{"line":84,"column":4},"end":{"line":84,"column":40}},"17":{"start":{"line":86,"column":3},"end":{"line":86,"column":27}},"18":{"start":{"line":87,"column":3},"end":{"line":94,"column":6}},"19":{"start":{"line":96,"column":3},"end":{"line":96,"column":42}},"20":{"start":{"line":106,"column":2},"end":{"line":132,"column":null}},"21":{"start":{"line":107,"column":14},"end":{"line":107,"column":27}},"22":{"start":{"line":108,"column":22},"end":{"line":108,"column":50}},"23":{"start":{"line":109,"column":3},"end":{"line":114,"column":null}},"24":{"start":{"line":110,"column":4},"end":{"line":113,"column":7}},"25":{"start":{"line":115,"column":3},"end":{"line":115,"column":32}},"26":{"start":{"line":116,"column":3},"end":{"line":123,"column":6}},"27":{"start":{"line":125,"column":3},"end":{"line":131,"column":6}},"28":{"start":{"line":135,"column":0},"end":{"line":135,"column":36}}},"fnMap":{"0":{"name":"(anonymous_0)","decl":{"start":{"line":18,"column":1},"end":{"line":18,"column":6}},"loc":{"start":{"line":18,"column":51},"end":{"line":39,"column":2}}},"1":{"name":"(anonymous_1)","decl":{"start":{"line":46,"column":1},"end":{"line":46,"column":6}},"loc":{"start":{"line":46,"column":49},"end":{"line":66,"column":2}}},"2":{"name":"(anonymous_2)","decl":{"start":{"line":73,"column":1},"end":{"line":73,"column":6}},"loc":{"start":{"line":73,"column":51},"end":{"line":98,"column":2}}},"3":{"name":"(anonymous_3)","decl":{"start":{"line":105,"column":1},"end":{"line":105,"column":6}},"loc":{"start":{"line":105,"column":51},"end":{"line":133,"column":2}}}},"branchMap":{"0":{"loc":{"start":{"line":77,"column":3},"end":{"line":82,"column":null}},"type":"if","locations":[{"start":{"line":77,"column":3},"end":{"line":82,"column":null}}]},"1":{"loc":{"start":{"line":109,"column":3},"end":{"line":114,"column":null}},"type":"if","locations":[{"start":{"line":109,"column":3},"end":{"line":114,"column":null}}]}},"s":{"0":3,"1":1,"2":1,"3":1,"4":1,"5":0,"6":1,"7":1,"8":1,"9":0,"10":1,"11":1,"12":1,"13":1,"14":0,"15":1,"16":3,"17":1,"18":1,"19":0,"20":1,"21":1,"22":1,"23":1,"24":0,"25":1,"26":1,"27":0,"28":3},"f":{"0":1,"1":1,"2":1,"3":1},"b":{"0":[0],"1":[0]}}
,"/home/sunay/AA/KEVIT/FINALTASK/src/Components/Department/department.model.ts": {"path":"/home/sunay/AA/KEVIT/FINALTASK/src/Components/Department/department.model.ts","statementMap":{"0":{"start":{"line":1,"column":0},"end":{"line":1,"column":32}},"1":{"start":{"line":3,"column":26},"end":{"line":3,"column":34}},"2":{"start":{"line":6,"column":25},"end":{"line":25,"column":null}},"3":{"start":{"line":28,"column":19},"end":{"line":28,"column":56}},"4":{"start":{"line":29,"column":0},"end":{"line":29,"column":26}}},"fnMap":{},"branchMap":{},"s":{"0":3,"1":3,"2":3,"3":3,"4":3},"f":{},"b":{}}
,"/home/sunay/AA/KEVIT/FINALTASK/src/Components/Department/department.routes.ts": {"path":"/home/sunay/AA/KEVIT/FINALTASK/src/Components/Department/department.routes.ts","statementMap":{"0":{"start":{"line":1,"column":0},"end":{"line":1,"column":33}},"1":{"start":{"line":3,"column":0},"end":{"line":3,"column":50}},"2":{"start":{"line":4,"column":0},"end":{"line":4,"column":56}},"3":{"start":{"line":6,"column":0},"end":{"line":6,"column":59}},"4":{"start":{"line":11,"column":1},"end":{"line":11,"column":51}},"5":{"start":{"line":14,"column":2},"end":{"line":14,"column":25}},"6":{"start":{"line":15,"column":2},"end":{"line":15,"column":26}},"7":{"start":{"line":20,"column":2},"end":{"line":25,"column":4}},"8":{"start":{"line":28,"column":2},"end":{"line":33,"column":4}},"9":{"start":{"line":36,"column":2},"end":{"line":41,"column":4}},"10":{"start":{"line":44,"column":2},"end":{"line":49,"column":4}},"11":{"start":{"line":53,"column":0},"end":{"line":53,"column":45}}},"fnMap":{"0":{"name":"(anonymous_0)","decl":{"start":{"line":13,"column":1},"end":{"line":13,"column":null}},"loc":{"start":{"line":13,"column":1},"end":{"line":16,"column":2}}},"1":{"name":"(anonymous_1)","decl":{"start":{"line":18,"column":1},"end":{"line":18,"column":17}},"loc":{"start":{"line":18,"column":17},"end":{"line":50,"column":2}}}},"branchMap":{},"s":{"0":3,"1":3,"2":3,"3":3,"4":3,"5":3,"6":3,"7":3,"8":3,"9":3,"10":3,"11":3},"f":{"0":3,"1":3},"b":{}}
,"/home/sunay/AA/KEVIT/FINALTASK/src/Components/Faculty/faculty.DAL.ts": {"path":"/home/sunay/AA/KEVIT/FINALTASK/src/Components/Faculty/faculty.DAL.ts","statementMap":{"0":{"start":{"line":1,"column":0},"end":{"line":1,"column":32}},"1":{"start":{"line":2,"column":0},"end":{"line":2,"column":38}},"2":{"start":{"line":10,"column":1},"end":{"line":14,"column":null}},"3":{"start":{"line":11,"column":2},"end":{"line":11,"column":43}},"4":{"start":{"line":13,"column":2},"end":{"line":13,"column":25}},"5":{"start":{"line":9,"column":0},"end":{"line":9,"column":7}},"6":{"start":{"line":22,"column":1},"end":{"line":26,"column":null}},"7":{"start":{"line":23,"column":2},"end":{"line":23,"column":44}},"8":{"start":{"line":25,"column":2},"end":{"line":25,"column":25}},"9":{"start":{"line":21,"column":0},"end":{"line":21,"column":7}},"10":{"start":{"line":34,"column":1},"end":{"line":38,"column":null}},"11":{"start":{"line":35,"column":2},"end":{"line":35,"column":37}},"12":{"start":{"line":37,"column":2},"end":{"line":37,"column":25}},"13":{"start":{"line":33,"column":0},"end":{"line":33,"column":7}},"14":{"start":{"line":47,"column":1},"end":{"line":49,"column":19}},"15":{"start":{"line":48,"column":2},"end":{"line":48,"column":65}},"16":{"start":{"line":46,"column":0},"end":{"line":46,"column":7}}},"fnMap":{"0":{"name":"createFaculty","decl":{"start":{"line":9,"column":22},"end":{"line":9,"column":35}},"loc":{"start":{"line":9,"column":47},"end":{"line":15,"column":1}}},"1":{"name":"findFacultyByEmailId","decl":{"start":{"line":21,"column":22},"end":{"line":21,"column":42}},"loc":{"start":{"line":21,"column":50},"end":{"line":27,"column":1}}},"2":{"name":"findFaculties","decl":{"start":{"line":33,"column":22},"end":{"line":33,"column":35}},"loc":{"start":{"line":33,"column":35},"end":{"line":39,"column":1}}},"3":{"name":"findFacultyById","decl":{"start":{"line":46,"column":22},"end":{"line":46,"column":37}},"loc":{"start":{"line":46,"column":40},"end":{"line":50,"column":1}}}},"branchMap":{},"s":{"0":3,"1":3,"2":1,"3":1,"4":0,"5":3,"6":2,"7":2,"8":0,"9":3,"10":0,"11":0,"12":0,"13":3,"14":40,"15":40,"16":3},"f":{"0":1,"1":2,"2":0,"3":40},"b":{}}
,"/home/sunay/AA/KEVIT/FINALTASK/src/Components/Faculty/faculty.controller.ts": {"path":"/home/sunay/AA/KEVIT/FINALTASK/src/Components/Faculty/faculty.controller.ts","statementMap":{"0":{"start":{"line":3,"column":0},"end":{"line":3,"column":33}},"1":{"start":{"line":5,"column":0},"end":{"line":5,"column":36}},"2":{"start":{"line":6,"column":0},"end":{"line":6,"column":34}},"3":{"start":{"line":8,"column":0},"end":{"line":8,"column":null}},"4":{"start":{"line":24,"column":2},"end":{"line":44,"column":null}},"5":{"start":{"line":25,"column":37},"end":{"line":25,"column":45}},"6":{"start":{"line":26,"column":19},"end":{"line":26,"column":50}},"7":{"start":{"line":27,"column":3},"end":{"line":27,"column":24}},"8":{"start":{"line":28,"column":3},"end":{"line":35,"column":6}},"9":{"start":{"line":37,"column":3},"end":{"line":43,"column":6}},"10":{"start":{"line":54,"column":2},"end":{"line":112,"column":null}},"11":{"start":{"line":55,"column":33},"end":{"line":55,"column":41}},"12":{"start":{"line":56,"column":3},"end":{"line":64,"column":null}},"13":{"start":{"line":57,"column":4},"end":{"line":63,"column":7}},"14":{"start":{"line":66,"column":19},"end":{"line":66,"column":54}},"15":{"start":{"line":67,"column":3},"end":{"line":106,"column":null}},"16":{"start":{"line":68,"column":18},"end":{"line":68,"column":66}},"17":{"start":{"line":69,"column":4},"end":{"line":97,"column":null}},"18":{"start":{"line":73,"column":32},"end":{"line":73,"column":53}},"19":{"start":{"line":75,"column":19},"end":{"line":77,"column":null}},"20":{"start":{"line":79,"column":5},"end":{"line":79,"column":31}},"21":{"start":{"line":80,"column":5},"end":{"line":80,"column":26}},"22":{"start":{"line":81,"column":5},"end":{"line":88,"column":8}},"23":{"start":{"line":90,"column":5},"end":{"line":96,"column":8}},"24":{"start":{"line":99,"column":4},"end":{"line":105,"column":7}},"25":{"start":{"line":108,"column":3},"end":{"line":111,"column":6}},"26":{"start":{"line":121,"column":2},"end":{"line":145,"column":null}},"27":{"start":{"line":122,"column":14},"end":{"line":122,"column":33}},"28":{"start":{"line":123,"column":19},"end":{"line":123,"column":44}},"29":{"start":{"line":124,"column":3},"end":{"line":129,"column":null}},"30":{"start":{"line":125,"column":4},"end":{"line":128,"column":7}},"31":{"start":{"line":130,"column":3},"end":{"line":130,"column":27}},"32":{"start":{"line":131,"column":3},"end":{"line":131,"column":24}},"33":{"start":{"line":132,"column":3},"end":{"line":139,"column":6}},"34":{"start":{"line":141,"column":3},"end":{"line":144,"column":6}},"35":{"start":{"line":154,"column":2},"end":{"line":168,"column":null}},"36":{"start":{"line":155,"column":21},"end":{"line":155,"column":42}},"37":{"start":{"line":156,"column":3},"end":{"line":159,"column":6}},"38":{"start":{"line":161,"column":3},"end":{"line":167,"column":6}},"39":{"start":{"line":177,"column":2},"end":{"line":208,"column":null}},"40":{"start":{"line":178,"column":14},"end":{"line":178,"column":27}},"41":{"start":{"line":180,"column":19},"end":{"line":180,"column":44}},"42":{"start":{"line":181,"column":3},"end":{"line":186,"column":null}},"43":{"start":{"line":182,"column":4},"end":{"line":185,"column":7}},"44":{"start":{"line":188,"column":3},"end":{"line":190,"column":null}},"45":{"start":{"line":189,"column":4},"end":{"line":189,"column":37}},"46":{"start":{"line":191,"column":3},"end":{"line":191,"column":24}},"47":{"start":{"line":192,"column":3},"end":{"line":199,"column":6}},"48":{"start":{"line":201,"column":3},"end":{"line":207,"column":6}},"49":{"start":{"line":217,"column":2},"end":{"line":243,"column":null}},"50":{"start":{"line":218,"column":14},"end":{"line":218,"column":27}},"51":{"start":{"line":219,"column":19},"end":{"line":219,"column":44}},"52":{"start":{"line":220,"column":3},"end":{"line":225,"column":null}},"53":{"start":{"line":221,"column":4},"end":{"line":224,"column":7}},"54":{"start":{"line":226,"column":3},"end":{"line":226,"column":29}},"55":{"start":{"line":227,"column":3},"end":{"line":234,"column":6}},"56":{"start":{"line":236,"column":3},"end":{"line":242,"column":6}},"57":{"start":{"line":252,"column":2},"end":{"line":273,"column":null}},"58":{"start":{"line":253,"column":19},"end":{"line":253,"column":62}},"59":{"start":{"line":254,"column":3},"end":{"line":259,"column":null}},"60":{"start":{"line":255,"column":4},"end":{"line":258,"column":7}},"61":{"start":{"line":261,"column":3},"end":{"line":264,"column":6}},"62":{"start":{"line":266,"column":3},"end":{"line":272,"column":6}},"63":{"start":{"line":276,"column":0},"end":{"line":276,"column":33}}},"fnMap":{"0":{"name":"(anonymous_0)","decl":{"start":{"line":23,"column":1},"end":{"line":23,"column":6}},"loc":{"start":{"line":23,"column":48},"end":{"line":45,"column":2}}},"1":{"name":"(anonymous_1)","decl":{"start":{"line":53,"column":1},"end":{"line":53,"column":6}},"loc":{"start":{"line":53,"column":47},"end":{"line":113,"column":2}}},"2":{"name":"(anonymous_2)","decl":{"start":{"line":120,"column":1},"end":{"line":120,"column":6}},"loc":{"start":{"line":120,"column":48},"end":{"line":146,"column":2}}},"3":{"name":"(anonymous_3)","decl":{"start":{"line":153,"column":1},"end":{"line":153,"column":6}},"loc":{"start":{"line":153,"column":47},"end":{"line":169,"column":2}}},"4":{"name":"(anonymous_4)","decl":{"start":{"line":176,"column":1},"end":{"line":176,"column":6}},"loc":{"start":{"line":176,"column":48},"end":{"line":209,"column":2}}},"5":{"name":"(anonymous_5)","decl":{"start":{"line":216,"column":1},"end":{"line":216,"column":6}},"loc":{"start":{"line":216,"column":48},"end":{"line":244,"column":2}}},"6":{"name":"(anonymous_6)","decl":{"start":{"line":251,"column":1},"end":{"line":251,"column":6}},"loc":{"start":{"line":251,"column":45},"end":{"line":274,"column":2}}}},"branchMap":{"0":{"loc":{"start":{"line":56,"column":3},"end":{"line":64,"column":null}},"type":"if","locations":[{"start":{"line":56,"column":3},"end":{"line":64,"column":null}}]},"1":{"loc":{"start":{"line":56,"column":7},"end":{"line":56,"column":28}},"type":"binary-expr","locations":[{"start":{"line":56,"column":7},"end":{"line":56,"column":15}},{"start":{"line":56,"column":19},"end":{"line":56,"column":28}}]},"2":{"loc":{"start":{"line":67,"column":3},"end":{"line":106,"column":null}},"type":"if","locations":[{"start":{"line":67,"column":3},"end":{"line":106,"column":null}},{"start":{"line":98,"column":10},"end":{"line":106,"column":null}}]},"3":{"loc":{"start":{"line":69,"column":4},"end":{"line":97,"column":null}},"type":"if","locations":[{"start":{"line":69,"column":4},"end":{"line":97,"column":null}},{"start":{"line":89,"column":11},"end":{"line":97,"column":null}}]},"4":{"loc":{"start":{"line":124,"column":3},"end":{"line":129,"column":null}},"type":"if","locations":[{"start":{"line":124,"column":3},"end":{"line":129,"column":null}}]},"5":{"loc":{"start":{"line":181,"column":3},"end":{"line":186,"column":null}},"type":"if","locations":[{"start":{"line":181,"column":3},"end":{"line":186,"column":null}}]},"6":{"loc":{"start":{"line":220,"column":3},"end":{"line":225,"column":null}},"type":"if","locations":[{"start":{"line":220,"column":3},"end":{"line":225,"column":null}}]},"7":{"loc":{"start":{"line":254,"column":3},"end":{"line":259,"column":null}},"type":"if","locations":[{"start":{"line":254,"column":3},"end":{"line":259,"column":null}}]}},"s":{"0":3,"1":3,"2":3,"3":3,"4":1,"5":1,"6":1,"7":1,"8":1,"9":0,"10":2,"11":2,"12":2,"13":0,"14":2,"15":2,"16":2,"17":2,"18":1,"19":1,"20":1,"21":1,"22":1,"23":1,"24":0,"25":0,"26":1,"27":1,"28":1,"29":1,"30":0,"31":1,"32":1,"33":1,"34":0,"35":0,"36":0,"37":0,"38":0,"39":3,"40":3,"41":3,"42":3,"43":0,"44":3,"45":6,"46":3,"47":3,"48":0,"49":1,"50":1,"51":1,"52":1,"53":0,"54":1,"55":1,"56":0,"57":1,"58":1,"59":1,"60":0,"61":1,"62":0,"63":3},"f":{"0":1,"1":2,"2":1,"3":0,"4":3,"5":1,"6":1},"b":{"0":[0],"1":[2,2],"2":[2,0],"3":[1,1],"4":[0],"5":[0],"6":[0],"7":[0]}}
,"/home/sunay/AA/KEVIT/FINALTASK/src/Components/Faculty/faculty.model.ts": {"path":"/home/sunay/AA/KEVIT/FINALTASK/src/Components/Faculty/faculty.model.ts","statementMap":{"0":{"start":{"line":1,"column":0},"end":{"line":1,"column":33}},"1":{"start":{"line":2,"column":0},"end":{"line":2,"column":32}},"2":{"start":{"line":3,"column":0},"end":{"line":3,"column":34}},"3":{"start":{"line":5,"column":26},"end":{"line":5,"column":34}},"4":{"start":{"line":8,"column":22},"end":{"line":47,"column":null}},"5":{"start":{"line":20,"column":4},"end":{"line":22,"column":null}},"6":{"start":{"line":21,"column":5},"end":{"line":21,"column":42}},"7":{"start":{"line":51,"column":0},"end":{"line":58,"column":3}},"8":{"start":{"line":52,"column":1},"end":{"line":57,"column":19}},"9":{"start":{"line":53,"column":2},"end":{"line":55,"column":null}},"10":{"start":{"line":54,"column":3},"end":{"line":54,"column":55}},"11":{"start":{"line":56,"column":2},"end":{"line":56,"column":9}},"12":{"start":{"line":60,"column":16},"end":{"line":60,"column":47}},"13":{"start":{"line":61,"column":0},"end":{"line":61,"column":23}}},"fnMap":{"0":{"name":"(anonymous_0)","decl":{"start":{"line":19,"column":3},"end":{"line":19,"column":11}},"loc":{"start":{"line":19,"column":17},"end":{"line":23,"column":4}}},"1":{"name":"(anonymous_1)","decl":{"start":{"line":51,"column":26},"end":{"line":51,"column":31}},"loc":{"start":{"line":51,"column":46},"end":{"line":58,"column":1}}}},"branchMap":{"0":{"loc":{"start":{"line":20,"column":4},"end":{"line":22,"column":null}},"type":"if","locations":[{"start":{"line":20,"column":4},"end":{"line":22,"column":null}}]},"1":{"loc":{"start":{"line":53,"column":2},"end":{"line":55,"column":null}},"type":"if","locations":[{"start":{"line":53,"column":2},"end":{"line":55,"column":null}}]}},"s":{"0":3,"1":3,"2":3,"3":3,"4":3,"5":53,"6":0,"7":3,"8":53,"9":53,"10":47,"11":53,"12":3,"13":3},"f":{"0":53,"1":53},"b":{"0":[0],"1":[47]}}
,"/home/sunay/AA/KEVIT/FINALTASK/src/Components/Faculty/faculty.routes.ts": {"path":"/home/sunay/AA/KEVIT/FINALTASK/src/Components/Faculty/faculty.routes.ts","statementMap":{"0":{"start":{"line":1,"column":0},"end":{"line":1,"column":33}},"1":{"start":{"line":3,"column":0},"end":{"line":3,"column":55}},"2":{"start":{"line":4,"column":0},"end":{"line":4,"column":56}},"3":{"start":{"line":5,"column":0},"end":{"line":5,"column":59}},"4":{"start":{"line":6,"column":0},"end":{"line":6,"column":53}},"5":{"start":{"line":11,"column":1},"end":{"line":11,"column":45}},"6":{"start":{"line":14,"column":2},"end":{"line":14,"column":25}},"7":{"start":{"line":15,"column":2},"end":{"line":15,"column":25}},"8":{"start":{"line":20,"column":2},"end":{"line":25,"column":4}},"9":{"start":{"line":28,"column":2},"end":{"line":28,"column":66}},"10":{"start":{"line":31,"column":2},"end":{"line":35,"column":4}},"11":{"start":{"line":38,"column":2},"end":{"line":43,"column":4}},"12":{"start":{"line":46,"column":2},"end":{"line":51,"column":4}},"13":{"start":{"line":54,"column":2},"end":{"line":59,"column":4}},"14":{"start":{"line":62,"column":2},"end":{"line":66,"column":4}},"15":{"start":{"line":70,"column":0},"end":{"line":70,"column":42}}},"fnMap":{"0":{"name":"(anonymous_0)","decl":{"start":{"line":13,"column":1},"end":{"line":13,"column":null}},"loc":{"start":{"line":13,"column":1},"end":{"line":16,"column":2}}},"1":{"name":"(anonymous_1)","decl":{"start":{"line":18,"column":1},"end":{"line":18,"column":16}},"loc":{"start":{"line":18,"column":16},"end":{"line":67,"column":2}}}},"branchMap":{},"s":{"0":3,"1":3,"2":3,"3":3,"4":3,"5":3,"6":3,"7":3,"8":3,"9":3,"10":3,"11":3,"12":3,"13":3,"14":3,"15":3},"f":{"0":3,"1":3},"b":{}}
,"/home/sunay/AA/KEVIT/FINALTASK/src/Components/Student/student.DAL.ts": {"path":"/home/sunay/AA/KEVIT/FINALTASK/src/Components/Student/student.DAL.ts","statementMap":{"0":{"start":{"line":2,"column":0},"end":{"line":2,"column":38}},"1":{"start":{"line":10,"column":1},"end":{"line":14,"column":null}},"2":{"start":{"line":11,"column":2},"end":{"line":11,"column":43}},"3":{"start":{"line":13,"column":2},"end":{"line":13,"column":25}},"4":{"start":{"line":9,"column":0},"end":{"line":9,"column":7}},"5":{"start":{"line":23,"column":1},"end":{"line":27,"column":null}},"6":{"start":{"line":24,"column":2},"end":{"line":24,"column":44}},"7":{"start":{"line":26,"column":2},"end":{"line":26,"column":25}},"8":{"start":{"line":22,"column":0},"end":{"line":22,"column":7}},"9":{"start":{"line":35,"column":1},"end":{"line":39,"column":null}},"10":{"start":{"line":36,"column":2},"end":{"line":36,"column":37}},"11":{"start":{"line":38,"column":2},"end":{"line":38,"column":25}},"12":{"start":{"line":34,"column":0},"end":{"line":34,"column":7}},"13":{"start":{"line":48,"column":1},"end":{"line":53,"column":null}},"14":{"start":{"line":50,"column":2},"end":{"line":50,"column":36}},"15":{"start":{"line":47,"column":0},"end":{"line":47,"column":7}},"16":{"start":{"line":60,"column":1},"end":{"line":64,"column":null}},"17":{"start":{"line":61,"column":2},"end":{"line":61,"column":38}},"18":{"start":{"line":63,"column":2},"end":{"line":63,"column":25}},"19":{"start":{"line":59,"column":0},"end":{"line":59,"column":7}},"20":{"start":{"line":72,"column":1},"end":{"line":166,"column":null}},"21":{"start":{"line":73,"column":19},"end":{"line":158,"column":4}},"22":{"start":{"line":159,"column":15},"end":{"line":161,"column":10}},"23":{"start":{"line":163,"column":2},"end":{"line":163,"column":14}},"24":{"start":{"line":165,"column":2},"end":{"line":165,"column":25}},"25":{"start":{"line":71,"column":0},"end":{"line":71,"column":7}},"26":{"start":{"line":177,"column":1},"end":{"line":263,"column":null}},"27":{"start":{"line":178,"column":24},"end":{"line":234,"column":4}},"28":{"start":{"line":235,"column":2},"end":{"line":242,"column":null}},"29":{"start":{"line":236,"column":18},"end":{"line":240,"column":5}},"30":{"start":{"line":241,"column":3},"end":{"line":241,"column":28}},"31":{"start":{"line":243,"column":2},"end":{"line":250,"column":null}},"32":{"start":{"line":244,"column":18},"end":{"line":248,"column":5}},"33":{"start":{"line":249,"column":3},"end":{"line":249,"column":33}},"34":{"start":{"line":251,"column":2},"end":{"line":258,"column":null}},"35":{"start":{"line":252,"column":18},"end":{"line":256,"column":5}},"36":{"start":{"line":257,"column":3},"end":{"line":257,"column":28}},"37":{"start":{"line":259,"column":15},"end":{"line":259,"column":55}},"38":{"start":{"line":260,"column":2},"end":{"line":260,"column":14}},"39":{"start":{"line":262,"column":2},"end":{"line":262,"column":25}},"40":{"start":{"line":174,"column":0},"end":{"line":174,"column":7}},"41":{"start":{"line":274,"column":1},"end":{"line":382,"column":null}},"42":{"start":{"line":275,"column":24},"end":{"line":351,"column":4}},"43":{"start":{"line":352,"column":2},"end":{"line":359,"column":null}},"44":{"start":{"line":353,"column":18},"end":{"line":357,"column":5}},"45":{"start":{"line":358,"column":3},"end":{"line":358,"column":28}},"46":{"start":{"line":360,"column":2},"end":{"line":367,"column":null}},"47":{"start":{"line":361,"column":18},"end":{"line":365,"column":5}},"48":{"start":{"line":366,"column":3},"end":{"line":366,"column":33}},"49":{"start":{"line":368,"column":2},"end":{"line":375,"column":null}},"50":{"start":{"line":369,"column":18},"end":{"line":373,"column":5}},"51":{"start":{"line":374,"column":3},"end":{"line":374,"column":28}},"52":{"start":{"line":376,"column":15},"end":{"line":378,"column":10}},"53":{"start":{"line":379,"column":2},"end":{"line":379,"column":14}},"54":{"start":{"line":381,"column":2},"end":{"line":381,"column":25}},"55":{"start":{"line":271,"column":0},"end":{"line":271,"column":7}},"56":{"start":{"line":390,"column":1},"end":{"line":532,"column":null}},"57":{"start":{"line":391,"column":24},"end":{"line":508,"column":4}},"58":{"start":{"line":509,"column":2},"end":{"line":516,"column":null}},"59":{"start":{"line":510,"column":18},"end":{"line":514,"column":5}},"60":{"start":{"line":515,"column":3},"end":{"line":515,"column":28}},"61":{"start":{"line":517,"column":2},"end":{"line":524,"column":null}},"62":{"start":{"line":518,"column":18},"end":{"line":522,"column":5}},"63":{"start":{"line":523,"column":3},"end":{"line":523,"column":33}},"64":{"start":{"line":525,"column":15},"end":{"line":527,"column":10}},"65":{"start":{"line":529,"column":2},"end":{"line":529,"column":14}},"66":{"start":{"line":531,"column":2},"end":{"line":531,"column":25}},"67":{"start":{"line":389,"column":0},"end":{"line":389,"column":7}}},"fnMap":{"0":{"name":"createStudent","decl":{"start":{"line":9,"column":22},"end":{"line":9,"column":35}},"loc":{"start":{"line":9,"column":55},"end":{"line":15,"column":1}}},"1":{"name":"findStudentByEmailId","decl":{"start":{"line":22,"column":22},"end":{"line":22,"column":42}},"loc":{"start":{"line":22,"column":50},"end":{"line":28,"column":1}}},"2":{"name":"findStudents","decl":{"start":{"line":34,"column":22},"end":{"line":34,"column":34}},"loc":{"start":{"line":34,"column":34},"end":{"line":40,"column":1}}},"3":{"name":"findStudentById","decl":{"start":{"line":47,"column":22},"end":{"line":47,"column":37}},"loc":{"start":{"line":47,"column":48},"end":{"line":54,"column":1}}},"4":{"name":"deleteAll","decl":{"start":{"line":59,"column":22},"end":{"line":59,"column":31}},"loc":{"start":{"line":59,"column":31},"end":{"line":65,"column":1}}},"5":{"name":"getBatchDepartmentWiseData","decl":{"start":{"line":71,"column":22},"end":{"line":71,"column":48}},"loc":{"start":{"line":71,"column":48},"end":{"line":167,"column":1}}},"6":{"name":"getAbsentStudentBatchYearSemesterDateWise","decl":{"start":{"line":174,"column":22},"end":{"line":174,"column":63}},"loc":{"start":{"line":176,"column":1},"end":{"line":264,"column":1}}},"7":{"name":"getMoreThen75PercentStudent","decl":{"start":{"line":271,"column":22},"end":{"line":271,"column":49}},"loc":{"start":{"line":273,"column":1},"end":{"line":383,"column":1}}},"8":{"name":"getVacancySeat","decl":{"start":{"line":389,"column":22},"end":{"line":389,"column":36}},"loc":{"start":{"line":389,"column":48},"end":{"line":533,"column":1}}}},"branchMap":{"0":{"loc":{"start":{"line":235,"column":2},"end":{"line":242,"column":null}},"type":"if","locations":[{"start":{"line":235,"column":2},"end":{"line":242,"column":null}}]},"1":{"loc":{"start":{"line":243,"column":2},"end":{"line":250,"column":null}},"type":"if","locations":[{"start":{"line":243,"column":2},"end":{"line":250,"column":null}}]},"2":{"loc":{"start":{"line":251,"column":2},"end":{"line":258,"column":null}},"type":"if","locations":[{"start":{"line":251,"column":2},"end":{"line":258,"column":null}}]},"3":{"loc":{"start":{"line":352,"column":2},"end":{"line":359,"column":null}},"type":"if","locations":[{"start":{"line":352,"column":2},"end":{"line":359,"column":null}}]},"4":{"loc":{"start":{"line":360,"column":2},"end":{"line":367,"column":null}},"type":"if","locations":[{"start":{"line":360,"column":2},"end":{"line":367,"column":null}}]},"5":{"loc":{"start":{"line":368,"column":2},"end":{"line":375,"column":null}},"type":"if","locations":[{"start":{"line":368,"column":2},"end":{"line":375,"column":null}}]},"6":{"loc":{"start":{"line":509,"column":2},"end":{"line":516,"column":null}},"type":"if","locations":[{"start":{"line":509,"column":2},"end":{"line":516,"column":null}}]},"7":{"loc":{"start":{"line":517,"column":2},"end":{"line":524,"column":null}},"type":"if","locations":[{"start":{"line":517,"column":2},"end":{"line":524,"column":null}}]}},"s":{"0":3,"1":2,"2":2,"3":0,"4":3,"5":1,"6":1,"7":0,"8":3,"9":0,"10":0,"11":0,"12":3,"13":6,"14":6,"15":3,"16":0,"17":0,"18":0,"19":3,"20":0,"21":0,"22":0,"23":0,"24":0,"25":3,"26":0,"27":0,"28":0,"29":0,"30":0,"31":0,"32":0,"33":0,"34":0,"35":0,"36":0,"37":0,"38":0,"39":0,"40":3,"41":0,"42":0,"43":0,"44":0,"45":0,"46":0,"47":0,"48":0,"49":0,"50":0,"51":0,"52":0,"53":0,"54":0,"55":3,"56":0,"57":0,"58":0,"59":0,"60":0,"61":0,"62":0,"63":0,"64":0,"65":0,"66":0,"67":3},"f":{"0":2,"1":1,"2":0,"3":6,"4":0,"5":0,"6":0,"7":0,"8":0},"b":{"0":[0],"1":[0],"2":[0],"3":[0],"4":[0],"5":[0],"6":[0],"7":[0]}}
,"/home/sunay/AA/KEVIT/FINALTASK/src/Components/Student/student.controller.ts": {"path":"/home/sunay/AA/KEVIT/FINALTASK/src/Components/Student/student.controller.ts","statementMap":{"0":{"start":{"line":1,"column":0},"end":{"line":1,"column":33}},"1":{"start":{"line":4,"column":0},"end":{"line":4,"column":36}},"2":{"start":{"line":5,"column":0},"end":{"line":5,"column":34}},"3":{"start":{"line":7,"column":0},"end":{"line":7,"column":null}},"4":{"start":{"line":27,"column":2},"end":{"line":47,"column":null}},"5":{"start":{"line":28,"column":37},"end":{"line":28,"column":45}},"6":{"start":{"line":29,"column":19},"end":{"line":29,"column":50}},"7":{"start":{"line":30,"column":3},"end":{"line":30,"column":24}},"8":{"start":{"line":31,"column":3},"end":{"line":38,"column":6}},"9":{"start":{"line":40,"column":3},"end":{"line":46,"column":6}},"10":{"start":{"line":56,"column":2},"end":{"line":113,"column":null}},"11":{"start":{"line":57,"column":33},"end":{"line":57,"column":41}},"12":{"start":{"line":58,"column":3},"end":{"line":66,"column":null}},"13":{"start":{"line":59,"column":4},"end":{"line":65,"column":7}},"14":{"start":{"line":67,"column":19},"end":{"line":67,"column":54}},"15":{"start":{"line":68,"column":3},"end":{"line":107,"column":null}},"16":{"start":{"line":69,"column":18},"end":{"line":69,"column":66}},"17":{"start":{"line":70,"column":4},"end":{"line":98,"column":null}},"18":{"start":{"line":74,"column":32},"end":{"line":74,"column":53}},"19":{"start":{"line":75,"column":19},"end":{"line":77,"column":null}},"20":{"start":{"line":79,"column":5},"end":{"line":79,"column":31}},"21":{"start":{"line":81,"column":5},"end":{"line":81,"column":26}},"22":{"start":{"line":82,"column":5},"end":{"line":89,"column":8}},"23":{"start":{"line":91,"column":5},"end":{"line":97,"column":8}},"24":{"start":{"line":100,"column":4},"end":{"line":106,"column":7}},"25":{"start":{"line":109,"column":3},"end":{"line":112,"column":6}},"26":{"start":{"line":122,"column":2},"end":{"line":146,"column":null}},"27":{"start":{"line":123,"column":14},"end":{"line":123,"column":33}},"28":{"start":{"line":124,"column":19},"end":{"line":124,"column":44}},"29":{"start":{"line":125,"column":3},"end":{"line":130,"column":null}},"30":{"start":{"line":126,"column":4},"end":{"line":129,"column":7}},"31":{"start":{"line":131,"column":3},"end":{"line":131,"column":27}},"32":{"start":{"line":132,"column":3},"end":{"line":132,"column":24}},"33":{"start":{"line":133,"column":3},"end":{"line":140,"column":6}},"34":{"start":{"line":142,"column":3},"end":{"line":145,"column":6}},"35":{"start":{"line":155,"column":2},"end":{"line":169,"column":null}},"36":{"start":{"line":156,"column":20},"end":{"line":156,"column":40}},"37":{"start":{"line":157,"column":3},"end":{"line":160,"column":6}},"38":{"start":{"line":162,"column":3},"end":{"line":168,"column":6}},"39":{"start":{"line":178,"column":2},"end":{"line":210,"column":null}},"40":{"start":{"line":179,"column":3},"end":{"line":179,"column":27}},"41":{"start":{"line":180,"column":14},"end":{"line":180,"column":27}},"42":{"start":{"line":181,"column":19},"end":{"line":181,"column":44}},"43":{"start":{"line":182,"column":3},"end":{"line":187,"column":null}},"44":{"start":{"line":183,"column":4},"end":{"line":186,"column":7}},"45":{"start":{"line":189,"column":3},"end":{"line":191,"column":null}},"46":{"start":{"line":190,"column":4},"end":{"line":190,"column":37}},"47":{"start":{"line":192,"column":3},"end":{"line":192,"column":24}},"48":{"start":{"line":194,"column":3},"end":{"line":201,"column":6}},"49":{"start":{"line":203,"column":3},"end":{"line":209,"column":6}},"50":{"start":{"line":219,"column":2},"end":{"line":246,"column":null}},"51":{"start":{"line":220,"column":14},"end":{"line":220,"column":27}},"52":{"start":{"line":221,"column":19},"end":{"line":221,"column":44}},"53":{"start":{"line":223,"column":3},"end":{"line":228,"column":null}},"54":{"start":{"line":224,"column":4},"end":{"line":227,"column":7}},"55":{"start":{"line":229,"column":3},"end":{"line":229,"column":29}},"56":{"start":{"line":230,"column":3},"end":{"line":237,"column":6}},"57":{"start":{"line":239,"column":3},"end":{"line":245,"column":6}},"58":{"start":{"line":256,"column":2},"end":{"line":269,"column":null}},"59":{"start":{"line":257,"column":3},"end":{"line":257,"column":21}},"60":{"start":{"line":258,"column":3},"end":{"line":260,"column":6}},"61":{"start":{"line":262,"column":3},"end":{"line":268,"column":6}},"62":{"start":{"line":278,"column":2},"end":{"line":298,"column":null}},"63":{"start":{"line":279,"column":19},"end":{"line":279,"column":62}},"64":{"start":{"line":280,"column":3},"end":{"line":285,"column":null}},"65":{"start":{"line":281,"column":4},"end":{"line":284,"column":7}},"66":{"start":{"line":286,"column":3},"end":{"line":289,"column":6}},"67":{"start":{"line":291,"column":3},"end":{"line":297,"column":6}},"68":{"start":{"line":310,"column":2},"end":{"line":326,"column":null}},"69":{"start":{"line":311,"column":16},"end":{"line":312,"column":null}},"70":{"start":{"line":314,"column":3},"end":{"line":317,"column":6}},"71":{"start":{"line":319,"column":3},"end":{"line":325,"column":6}},"72":{"start":{"line":335,"column":2},"end":{"line":349,"column":null}},"73":{"start":{"line":336,"column":16},"end":{"line":336,"column":59}},"74":{"start":{"line":337,"column":3},"end":{"line":340,"column":6}},"75":{"start":{"line":342,"column":3},"end":{"line":348,"column":6}},"76":{"start":{"line":358,"column":2},"end":{"line":372,"column":null}},"77":{"start":{"line":359,"column":16},"end":{"line":359,"column":46}},"78":{"start":{"line":360,"column":3},"end":{"line":363,"column":6}},"79":{"start":{"line":365,"column":3},"end":{"line":371,"column":6}},"80":{"start":{"line":375,"column":0},"end":{"line":375,"column":33}}},"fnMap":{"0":{"name":"(anonymous_0)","decl":{"start":{"line":26,"column":1},"end":{"line":26,"column":6}},"loc":{"start":{"line":26,"column":48},"end":{"line":48,"column":2}}},"1":{"name":"(anonymous_1)","decl":{"start":{"line":55,"column":1},"end":{"line":55,"column":6}},"loc":{"start":{"line":55,"column":47},"end":{"line":114,"column":2}}},"2":{"name":"(anonymous_2)","decl":{"start":{"line":121,"column":1},"end":{"line":121,"column":6}},"loc":{"start":{"line":121,"column":48},"end":{"line":147,"column":2}}},"3":{"name":"(anonymous_3)","decl":{"start":{"line":154,"column":1},"end":{"line":154,"column":6}},"loc":{"start":{"line":154,"column":46},"end":{"line":170,"column":2}}},"4":{"name":"(anonymous_4)","decl":{"start":{"line":177,"column":1},"end":{"line":177,"column":6}},"loc":{"start":{"line":177,"column":48},"end":{"line":211,"column":2}}},"5":{"name":"(anonymous_5)","decl":{"start":{"line":218,"column":1},"end":{"line":218,"column":6}},"loc":{"start":{"line":218,"column":48},"end":{"line":247,"column":2}}},"6":{"name":"(anonymous_6)","decl":{"start":{"line":255,"column":1},"end":{"line":255,"column":6}},"loc":{"start":{"line":255,"column":52},"end":{"line":270,"column":2}}},"7":{"name":"(anonymous_7)","decl":{"start":{"line":277,"column":1},"end":{"line":277,"column":6}},"loc":{"start":{"line":277,"column":45},"end":{"line":299,"column":2}}},"8":{"name":"(anonymous_8)","decl":{"start":{"line":306,"column":1},"end":{"line":306,"column":6}},"loc":{"start":{"line":308,"column":15},"end":{"line":327,"column":2}}},"9":{"name":"(anonymous_9)","decl":{"start":{"line":334,"column":1},"end":{"line":334,"column":6}},"loc":{"start":{"line":334,"column":62},"end":{"line":350,"column":2}}},"10":{"name":"(anonymous_10)","decl":{"start":{"line":357,"column":1},"end":{"line":357,"column":6}},"loc":{"start":{"line":357,"column":49},"end":{"line":373,"column":2}}}},"branchMap":{"0":{"loc":{"start":{"line":58,"column":3},"end":{"line":66,"column":null}},"type":"if","locations":[{"start":{"line":58,"column":3},"end":{"line":66,"column":null}}]},"1":{"loc":{"start":{"line":58,"column":7},"end":{"line":58,"column":28}},"type":"binary-expr","locations":[{"start":{"line":58,"column":7},"end":{"line":58,"column":15}},{"start":{"line":58,"column":19},"end":{"line":58,"column":28}}]},"2":{"loc":{"start":{"line":68,"column":3},"end":{"line":107,"column":null}},"type":"if","locations":[{"start":{"line":68,"column":3},"end":{"line":107,"column":null}},{"start":{"line":99,"column":10},"end":{"line":107,"column":null}}]},"3":{"loc":{"start":{"line":70,"column":4},"end":{"line":98,"column":null}},"type":"if","locations":[{"start":{"line":70,"column":4},"end":{"line":98,"column":null}},{"start":{"line":90,"column":11},"end":{"line":98,"column":null}}]},"4":{"loc":{"start":{"line":125,"column":3},"end":{"line":130,"column":null}},"type":"if","locations":[{"start":{"line":125,"column":3},"end":{"line":130,"column":null}}]},"5":{"loc":{"start":{"line":182,"column":3},"end":{"line":187,"column":null}},"type":"if","locations":[{"start":{"line":182,"column":3},"end":{"line":187,"column":null}}]},"6":{"loc":{"start":{"line":223,"column":3},"end":{"line":228,"column":null}},"type":"if","locations":[{"start":{"line":223,"column":3},"end":{"line":228,"column":null}}]},"7":{"loc":{"start":{"line":280,"column":3},"end":{"line":285,"column":null}},"type":"if","locations":[{"start":{"line":280,"column":3},"end":{"line":285,"column":null}}]}},"s":{"0":3,"1":3,"2":3,"3":3,"4":2,"5":2,"6":2,"7":2,"8":2,"9":0,"10":1,"11":1,"12":1,"13":0,"14":1,"15":1,"16":1,"17":1,"18":1,"19":1,"20":1,"21":1,"22":1,"23":0,"24":0,"25":0,"26":1,"27":1,"28":1,"29":1,"30":0,"31":1,"32":1,"33":1,"34":0,"35":0,"36":0,"37":0,"38":0,"39":1,"40":1,"41":1,"42":1,"43":1,"44":0,"45":1,"46":1,"47":1,"48":0,"49":1,"50":1,"51":1,"52":1,"53":1,"54":0,"55":1,"56":1,"57":0,"58":0,"59":0,"60":0,"61":0,"62":1,"63":1,"64":1,"65":0,"66":1,"67":0,"68":0,"69":0,"70":0,"71":0,"72":0,"73":0,"74":0,"75":0,"76":0,"77":0,"78":0,"79":0,"80":3},"f":{"0":2,"1":1,"2":1,"3":0,"4":1,"5":1,"6":0,"7":1,"8":0,"9":0,"10":0},"b":{"0":[0],"1":[1,1],"2":[1,0],"3":[1,0],"4":[0],"5":[0],"6":[0],"7":[0]}}
,"/home/sunay/AA/KEVIT/FINALTASK/src/Components/Student/student.model.ts": {"path":"/home/sunay/AA/KEVIT/FINALTASK/src/Components/Student/student.model.ts","statementMap":{"0":{"start":{"line":1,"column":0},"end":{"line":1,"column":33}},"1":{"start":{"line":2,"column":0},"end":{"line":2,"column":32}},"2":{"start":{"line":3,"column":0},"end":{"line":3,"column":34}},"3":{"start":{"line":7,"column":26},"end":{"line":7,"column":34}},"4":{"start":{"line":10,"column":25},"end":{"line":14,"column":2}},"5":{"start":{"line":22,"column":22},"end":{"line":83,"column":null}},"6":{"start":{"line":34,"column":4},"end":{"line":36,"column":null}},"7":{"start":{"line":35,"column":5},"end":{"line":35,"column":42}},"8":{"start":{"line":87,"column":0},"end":{"line":87,"column":71}},"9":{"start":{"line":90,"column":0},"end":{"line":97,"column":3}},"10":{"start":{"line":91,"column":1},"end":{"line":96,"column":19}},"11":{"start":{"line":92,"column":2},"end":{"line":94,"column":null}},"12":{"start":{"line":93,"column":3},"end":{"line":93,"column":55}},"13":{"start":{"line":95,"column":2},"end":{"line":95,"column":9}},"14":{"start":{"line":99,"column":16},"end":{"line":99,"column":47}},"15":{"start":{"line":100,"column":0},"end":{"line":100,"column":23}}},"fnMap":{"0":{"name":"(anonymous_0)","decl":{"start":{"line":33,"column":3},"end":{"line":33,"column":11}},"loc":{"start":{"line":33,"column":17},"end":{"line":37,"column":4}}},"1":{"name":"(anonymous_1)","decl":{"start":{"line":90,"column":26},"end":{"line":90,"column":31}},"loc":{"start":{"line":90,"column":46},"end":{"line":97,"column":1}}}},"branchMap":{"0":{"loc":{"start":{"line":34,"column":4},"end":{"line":36,"column":null}},"type":"if","locations":[{"start":{"line":34,"column":4},"end":{"line":36,"column":null}}]},"1":{"loc":{"start":{"line":92,"column":2},"end":{"line":94,"column":null}},"type":"if","locations":[{"start":{"line":92,"column":2},"end":{"line":94,"column":null}}]}},"s":{"0":3,"1":3,"2":3,"3":3,"4":3,"5":3,"6":30,"7":0,"8":3,"9":3,"10":30,"11":30,"12":25,"13":30,"14":3,"15":3},"f":{"0":30,"1":30},"b":{"0":[0],"1":[25]}}
,"/home/sunay/AA/KEVIT/FINALTASK/src/Components/Student/student.routes.ts": {"path":"/home/sunay/AA/KEVIT/FINALTASK/src/Components/Student/student.routes.ts","statementMap":{"0":{"start":{"line":1,"column":0},"end":{"line":1,"column":33}},"1":{"start":{"line":3,"column":0},"end":{"line":3,"column":56}},"2":{"start":{"line":4,"column":0},"end":{"line":4,"column":52}},"3":{"start":{"line":5,"column":0},"end":{"line":5,"column":53}},"4":{"start":{"line":10,"column":1},"end":{"line":10,"column":45}},"5":{"start":{"line":13,"column":2},"end":{"line":13,"column":25}},"6":{"start":{"line":14,"column":2},"end":{"line":14,"column":25}},"7":{"start":{"line":19,"column":2},"end":{"line":24,"column":4}},"8":{"start":{"line":27,"column":2},"end":{"line":27,"column":66}},"9":{"start":{"line":30,"column":2},"end":{"line":34,"column":4}},"10":{"start":{"line":37,"column":2},"end":{"line":42,"column":4}},"11":{"start":{"line":45,"column":2},"end":{"line":49,"column":4}},"12":{"start":{"line":52,"column":2},"end":{"line":57,"column":4}},"13":{"start":{"line":60,"column":2},"end":{"line":65,"column":4}},"14":{"start":{"line":68,"column":2},"end":{"line":72,"column":4}},"15":{"start":{"line":75,"column":2},"end":{"line":78,"column":4}},"16":{"start":{"line":81,"column":2},"end":{"line":84,"column":4}},"17":{"start":{"line":87,"column":2},"end":{"line":92,"column":4}},"18":{"start":{"line":96,"column":0},"end":{"line":96,"column":42}}},"fnMap":{"0":{"name":"(anonymous_0)","decl":{"start":{"line":12,"column":1},"end":{"line":12,"column":null}},"loc":{"start":{"line":12,"column":1},"end":{"line":15,"column":2}}},"1":{"name":"(anonymous_1)","decl":{"start":{"line":17,"column":1},"end":{"line":17,"column":16}},"loc":{"start":{"line":17,"column":16},"end":{"line":93,"column":2}}}},"branchMap":{},"s":{"0":3,"1":3,"2":3,"3":3,"4":3,"5":3,"6":3,"7":3,"8":3,"9":3,"10":3,"11":3,"12":3,"13":3,"14":3,"15":3,"16":3,"17":3,"18":3},"f":{"0":3,"1":3},"b":{}}
,"/home/sunay/AA/KEVIT/FINALTASK/src/utils/adminAuth.ts": {"path":"/home/sunay/AA/KEVIT/FINALTASK/src/utils/adminAuth.ts","statementMap":{"0":{"start":{"line":1,"column":0},"end":{"line":15,"column":2}},"1":{"start":{"line":2,"column":1},"end":{"line":14,"column":null}},"2":{"start":{"line":3,"column":2},"end":{"line":9,"column":null}},"3":{"start":{"line":4,"column":3},"end":{"line":4,"column":10}},"4":{"start":{"line":6,"column":3},"end":{"line":8,"column":51}},"5":{"start":{"line":11,"column":2},"end":{"line":13,"column":5}}},"fnMap":{"0":{"name":"(anonymous_0)","decl":{"start":{"line":1,"column":15},"end":{"line":1,"column":20}},"loc":{"start":{"line":1,"column":40},"end":{"line":15,"column":1}}}},"branchMap":{"0":{"loc":{"start":{"line":3,"column":2},"end":{"line":9,"column":null}},"type":"if","locations":[{"start":{"line":3,"column":2},"end":{"line":9,"column":null}},{"start":{"line":5,"column":9},"end":{"line":9,"column":null}}]}},"s":{"0":3,"1":8,"2":8,"3":6,"4":2,"5":0},"f":{"0":8},"b":{"0":[6,2]}}
,"/home/sunay/AA/KEVIT/FINALTASK/src/utils/authentication.ts": {"path":"/home/sunay/AA/KEVIT/FINALTASK/src/utils/authentication.ts","statementMap":{"0":{"start":{"line":1,"column":0},"end":{"line":1,"column":36}},"1":{"start":{"line":2,"column":0},"end":{"line":2,"column":68}},"2":{"start":{"line":3,"column":0},"end":{"line":3,"column":68}},"3":{"start":{"line":4,"column":0},"end":{"line":4,"column":31}},"4":{"start":{"line":6,"column":0},"end":{"line":45,"column":2}},"5":{"start":{"line":7,"column":1},"end":{"line":44,"column":null}},"6":{"start":{"line":8,"column":16},"end":{"line":8,"column":66}},"7":{"start":{"line":9,"column":29},"end":{"line":9,"column":50}},"8":{"start":{"line":15,"column":17},"end":{"line":15,"column":46}},"9":{"start":{"line":18,"column":3},"end":{"line":20,"column":31}},"10":{"start":{"line":22,"column":2},"end":{"line":38,"column":null}},"11":{"start":{"line":23,"column":3},"end":{"line":26,"column":6}},"12":{"start":{"line":30,"column":7},"end":{"line":38,"column":null}},"13":{"start":{"line":31,"column":3},"end":{"line":31,"column":32}},"14":{"start":{"line":32,"column":3},"end":{"line":32,"column":10}},"15":{"start":{"line":34,"column":3},"end":{"line":37,"column":6}},"16":{"start":{"line":40,"column":2},"end":{"line":43,"column":5}}},"fnMap":{"0":{"name":"(anonymous_0)","decl":{"start":{"line":6,"column":15},"end":{"line":6,"column":20}},"loc":{"start":{"line":6,"column":40},"end":{"line":45,"column":1}}}},"branchMap":{"0":{"loc":{"start":{"line":18,"column":3},"end":{"line":20,"column":31}},"type":"cond-expr","locations":[{"start":{"line":19,"column":6},"end":{"line":19,"column":31}},{"start":{"line":20,"column":6},"end":{"line":20,"column":31}}]},"1":{"loc":{"start":{"line":22,"column":2},"end":{"line":38,"column":null}},"type":"if","locations":[{"start":{"line":22,"column":2},"end":{"line":38,"column":null}},{"start":{"line":30,"column":7},"end":{"line":38,"column":null}}]},"2":{"loc":{"start":{"line":30,"column":7},"end":{"line":38,"column":null}},"type":"if","locations":[{"start":{"line":30,"column":7},"end":{"line":38,"column":null}},{"start":{"line":33,"column":9},"end":{"line":38,"column":null}}]}},"s":{"0":3,"1":3,"2":3,"3":3,"4":3,"5":18,"6":18,"7":18,"8":18,"9":18,"10":18,"11":0,"12":18,"13":18,"14":18,"15":0,"16":0},"f":{"0":18},"b":{"0":[2,16],"1":[0,18],"2":[18,0]}}
,"/home/sunay/AA/KEVIT/FINALTASK/src/utils/facultyAuth.ts": {"path":"/home/sunay/AA/KEVIT/FINALTASK/src/utils/facultyAuth.ts","statementMap":{"0":{"start":{"line":1,"column":0},"end":{"line":15,"column":2}},"1":{"start":{"line":2,"column":1},"end":{"line":14,"column":null}},"2":{"start":{"line":3,"column":2},"end":{"line":9,"column":null}},"3":{"start":{"line":4,"column":3},"end":{"line":4,"column":10}},"4":{"start":{"line":6,"column":3},"end":{"line":8,"column":53}},"5":{"start":{"line":11,"column":2},"end":{"line":13,"column":5}}},"fnMap":{"0":{"name":"(anonymous_0)","decl":{"start":{"line":1,"column":15},"end":{"line":1,"column":20}},"loc":{"start":{"line":1,"column":40},"end":{"line":15,"column":1}}}},"branchMap":{"0":{"loc":{"start":{"line":3,"column":2},"end":{"line":9,"column":null}},"type":"if","locations":[{"start":{"line":3,"column":2},"end":{"line":9,"column":null}},{"start":{"line":5,"column":9},"end":{"line":9,"column":null}}]},"1":{"loc":{"start":{"line":3,"column":6},"end":{"line":3,"column":70}},"type":"binary-expr","locations":[{"start":{"line":3,"column":6},"end":{"line":3,"column":37}},{"start":{"line":3,"column":41},"end":{"line":3,"column":70}}]}},"s":{"0":3,"1":6,"2":6,"3":6,"4":0,"5":0},"f":{"0":6},"b":{"0":[6,0],"1":[6,4]}}
,"/home/sunay/AA/KEVIT/FINALTASK/src/utils/winston-logger.ts": {"path":"/home/sunay/AA/KEVIT/FINALTASK/src/utils/winston-logger.ts","statementMap":{"0":{"start":{"line":1,"column":0},"end":{"line":1,"column":69}},"1":{"start":{"line":2,"column":0},"end":{"line":2,"column":59}},"2":{"start":{"line":4,"column":29},"end":{"line":15,"column":2}},"3":{"start":{"line":17,"column":15},"end":{"line":29,"column":2}},"4":{"start":{"line":26,"column":3},"end":{"line":26,"column":48}},"5":{"start":{"line":31,"column":13},"end":{"line":31,"column":26}}},"fnMap":{"0":{"name":"(anonymous_0)","decl":{"start":{"line":25,"column":16},"end":{"line":25,"column":17}},"loc":{"start":{"line":25,"column":50},"end":{"line":27,"column":3}}}},"branchMap":{},"s":{"0":3,"1":3,"2":3,"3":3,"4":6,"5":3},"f":{"0":6},"b":{}}
,"/home/sunay/AA/KEVIT/FINALTASK/tests/databaseSetUpTest.ts": {"path":"/home/sunay/AA/KEVIT/FINALTASK/tests/databaseSetUpTest.ts","statementMap":{"0":{"start":{"line":1,"column":0},"end":{"line":1,"column":33}},"1":{"start":{"line":2,"column":0},"end":{"line":2,"column":36}},"2":{"start":{"line":3,"column":0},"end":{"line":3,"column":37}},"3":{"start":{"line":4,"column":0},"end":{"line":4,"column":71}},"4":{"start":{"line":5,"column":0},"end":{"line":5,"column":62}},"5":{"start":{"line":6,"column":0},"end":{"line":6,"column":62}},"6":{"start":{"line":8,"column":0},"end":{"line":8,"column":16}},"7":{"start":{"line":9,"column":21},"end":{"line":9,"column":50}},"8":{"start":{"line":10,"column":23},"end":{"line":10,"column":52}},"9":{"start":{"line":11,"column":23},"end":{"line":11,"column":52}},"10":{"start":{"line":12,"column":18},"end":{"line":12,"column":47}},"11":{"start":{"line":14,"column":22},"end":{"line":19,"column":2}},"12":{"start":{"line":21,"column":27},"end":{"line":25,"column":2}},"13":{"start":{"line":27,"column":21},"end":{"line":39,"column":2}},"14":{"start":{"line":41,"column":21},"end":{"line":53,"column":2}},"15":{"start":{"line":55,"column":28},"end":{"line":66,"column":2}},"16":{"start":{"line":68,"column":28},"end":{"line":85,"column":2}},"17":{"start":{"line":87,"column":21},"end":{"line":106,"column":2}},"18":{"start":{"line":108,"column":22},"end":{"line":118,"column":1}},"19":{"start":{"line":109,"column":1},"end":{"line":109,"column":28}},"20":{"start":{"line":110,"column":1},"end":{"line":110,"column":28}},"21":{"start":{"line":111,"column":1},"end":{"line":111,"column":31}},"22":{"start":{"line":112,"column":1},"end":{"line":112,"column":44}},"23":{"start":{"line":113,"column":1},"end":{"line":113,"column":40}},"24":{"start":{"line":114,"column":1},"end":{"line":114,"column":40}},"25":{"start":{"line":116,"column":1},"end":{"line":116,"column":40}},"26":{"start":{"line":120,"column":0},"end":{"line":132,"column":2}}},"fnMap":{"0":{"name":"(anonymous_0)","decl":{"start":{"line":108,"column":22},"end":{"line":108,"column":27}},"loc":{"start":{"line":108,"column":33},"end":{"line":118,"column":1}}}},"branchMap":{},"s":{"0":3,"1":3,"2":3,"3":3,"4":3,"5":3,"6":3,"7":3,"8":3,"9":3,"10":3,"11":3,"12":3,"13":3,"14":3,"15":3,"16":3,"17":3,"18":3,"19":23,"20":23,"21":23,"22":23,"23":23,"24":23,"25":23,"26":3},"f":{"0":23},"b":{}}
}
