TN:
SF:src/app.ts
FN:23,(anonymous_0)
FN:27,(anonymous_1)
FN:37,(anonymous_2)
FN:60,(anonymous_3)
FN:70,(anonymous_4)
FN:74,(anonymous_5)
FN:78,(anonymous_6)
FNF:7
FNH:5
FNDA:3,(anonymous_0)
FNDA:3,(anonymous_1)
FNDA:3,(anonymous_2)
FNDA:3,(anonymous_3)
FNDA:3,(anonymous_4)
FNDA:0,(anonymous_5)
FNDA:0,(anonymous_6)
DA:1,3
DA:2,3
DA:3,3
DA:4,3
DA:6,3
DA:7,3
DA:9,3
DA:10,3
DA:12,3
DA:15,3
DA:16,3
DA:17,3
DA:24,3
DA:26,3
DA:27,3
DA:28,3
DA:30,3
DA:31,3
DA:39,3
DA:55,3
DA:56,3
DA:62,3
DA:67,3
DA:70,3
DA:71,3
DA:74,3
DA:75,0
DA:78,3
DA:79,0
DA:84,3
LF:30
LH:28
BRF:0
BRH:0
end_of_record
TN:
SF:src/application.routes.ts
FN:11,(anonymous_0)
FNF:1
FNH:1
FNDA:3,(anonymous_0)
DA:2,3
DA:3,3
DA:4,3
DA:5,3
DA:7,3
DA:10,3
DA:12,3
DA:13,3
DA:14,3
DA:15,3
DA:16,3
LF:11
LH:11
BRF:0
BRH:0
end_of_record
TN:
SF:src/config.ts
FNF:0
FNH:0
DA:1,3
DA:16,3
LF:2
LH:2
BRDA:4,0,0,3
BRDA:4,0,1,3
BRDA:7,1,0,3
BRDA:7,1,1,3
BRDA:8,2,0,3
BRDA:8,2,1,3
BRDA:9,3,0,3
BRDA:9,3,1,3
BRDA:12,4,0,3
BRDA:12,4,1,3
BRF:10
BRH:10
end_of_record
TN:
SF:src/index.ts
FN:6,(anonymous_0)
FN:12,(anonymous_1)
FN:13,(anonymous_2)
FNF:3
FNH:2
FNDA:3,(anonymous_0)
FNDA:3,(anonymous_1)
FNDA:0,(anonymous_2)
DA:1,3
DA:7,3
DA:8,3
DA:13,3
DA:14,0
DA:19,3
LF:6
LH:5
BRF:0
BRH:0
end_of_record
TN:
SF:src/Components/Attendance/attendance.DAL.ts
FN:7,fillAttendance
FN:9,(anonymous_1)
FN:14,(anonymous_2)
FNF:3
FNH:0
FNDA:0,fillAttendance
FNDA:0,(anonymous_1)
FNDA:0,(anonymous_2)
DA:1,3
DA:7,3
DA:8,0
DA:9,0
DA:10,0
DA:11,0
DA:12,0
DA:14,0
DA:17,0
DA:22,0
DA:24,0
DA:28,0
DA:30,0
LF:13
LH:2
BRDA:10,0,0,0
BRDA:10,1,0,0
BRDA:10,1,1,0
BRDA:10,1,2,0
BRDA:12,2,0,0
BRDA:12,2,1,0
BRF:6
BRH:0
end_of_record
TN:
SF:src/Components/Attendance/attendance.controller.ts
FN:11,(anonymous_0)
FNF:1
FNH:0
FNDA:0,(anonymous_0)
DA:3,3
DA:12,0
DA:13,0
DA:14,0
DA:22,0
DA:29,3
LF:6
LH:2
BRF:0
BRH:0
end_of_record
TN:
SF:src/Components/Attendance/attendance.routes.ts
FN:12,(anonymous_0)
FN:17,(anonymous_1)
FNF:2
FNH:2
FNDA:3,(anonymous_0)
FNDA:3,(anonymous_1)
DA:1,3
DA:3,3
DA:4,3
DA:5,3
DA:10,3
DA:13,3
DA:14,3
DA:19,3
DA:28,3
LF:9
LH:9
BRF:0
BRH:0
end_of_record
TN:
SF:src/Components/Department/department.DAL.ts
FN:11,createDepartment
FN:23,findDepartments
FN:36,findDepartmentById
FNF:3
FNH:3
FNDA:1,createDepartment
FNDA:1,findDepartments
FNDA:2,findDepartmentById
DA:4,3
DA:11,3
DA:12,1
DA:13,1
DA:15,0
DA:23,3
DA:24,1
DA:25,1
DA:27,0
DA:36,3
DA:37,2
DA:38,2
DA:40,0
LF:13
LH:10
BRF:0
BRH:0
end_of_record
TN:
SF:src/Components/Department/department.controller.ts
FN:18,(anonymous_0)
FN:46,(anonymous_1)
FN:73,(anonymous_2)
FN:105,(anonymous_3)
FNF:4
FNH:4
FNDA:1,(anonymous_0)
FNDA:1,(anonymous_1)
FNDA:1,(anonymous_2)
FNDA:1,(anonymous_3)
DA:4,3
DA:19,1
DA:20,1
DA:21,1
DA:22,1
DA:31,0
DA:47,1
DA:48,1
DA:49,1
DA:58,0
DA:74,1
DA:75,1
DA:76,1
DA:77,1
DA:78,0
DA:83,1
DA:84,3
DA:86,1
DA:87,1
DA:96,0
DA:106,1
DA:107,1
DA:108,1
DA:109,1
DA:110,0
DA:115,1
DA:116,1
DA:125,0
DA:135,3
LF:29
LH:23
BRDA:77,0,0,0
BRDA:109,1,0,0
BRF:2
BRH:0
end_of_record
TN:
SF:src/Components/Department/department.model.ts
FNF:0
FNH:0
DA:1,3
DA:3,3
DA:6,3
DA:28,3
DA:29,3
LF:5
LH:5
BRF:0
BRH:0
end_of_record
TN:
SF:src/Components/Department/department.routes.ts
FN:13,(anonymous_0)
FN:18,(anonymous_1)
FNF:2
FNH:2
FNDA:3,(anonymous_0)
FNDA:3,(anonymous_1)
DA:1,3
DA:3,3
DA:4,3
DA:6,3
DA:11,3
DA:14,3
DA:15,3
DA:20,3
DA:28,3
DA:36,3
DA:44,3
DA:53,3
LF:12
LH:12
BRF:0
BRH:0
end_of_record
TN:
SF:src/Components/Faculty/faculty.DAL.ts
FN:9,createFaculty
FN:21,findFacultyByEmailId
FN:33,findFaculties
FN:46,findFacultyById
FNF:4
FNH:3
FNDA:1,createFaculty
FNDA:2,findFacultyByEmailId
FNDA:0,findFaculties
FNDA:40,findFacultyById
DA:1,3
DA:2,3
DA:9,3
DA:10,1
DA:11,1
DA:13,0
DA:21,3
DA:22,2
DA:23,2
DA:25,0
DA:33,3
DA:34,0
DA:35,0
DA:37,0
DA:46,3
DA:47,40
DA:48,40
LF:17
LH:12
BRF:0
BRH:0
end_of_record
TN:
SF:src/Components/Faculty/faculty.controller.ts
FN:23,(anonymous_0)
FN:53,(anonymous_1)
FN:120,(anonymous_2)
FN:153,(anonymous_3)
FN:176,(anonymous_4)
FN:216,(anonymous_5)
FN:251,(anonymous_6)
FNF:7
FNH:6
FNDA:1,(anonymous_0)
FNDA:2,(anonymous_1)
FNDA:1,(anonymous_2)
FNDA:0,(anonymous_3)
FNDA:3,(anonymous_4)
FNDA:1,(anonymous_5)
FNDA:1,(anonymous_6)
DA:3,3
DA:5,3
DA:6,3
DA:8,3
DA:24,1
DA:25,1
DA:26,1
DA:27,1
DA:28,1
DA:37,0
DA:54,2
DA:55,2
DA:56,2
DA:57,0
DA:66,2
DA:67,2
DA:68,2
DA:69,2
DA:73,1
DA:75,1
DA:79,1
DA:80,1
DA:81,1
DA:90,1
DA:99,0
DA:108,0
DA:121,1
DA:122,1
DA:123,1
DA:124,1
DA:125,0
DA:130,1
DA:131,1
DA:132,1
DA:141,0
DA:154,0
DA:155,0
DA:156,0
DA:161,0
DA:177,3
DA:178,3
DA:180,3
DA:181,3
DA:182,0
DA:188,3
DA:189,6
DA:191,3
DA:192,3
DA:201,0
DA:217,1
DA:218,1
DA:219,1
DA:220,1
DA:221,0
DA:226,1
DA:227,1
DA:236,0
DA:252,1
DA:253,1
DA:254,1
DA:255,0
DA:261,1
DA:266,0
DA:276,3
LF:64
LH:48
BRDA:56,0,0,0
BRDA:56,1,0,2
BRDA:56,1,1,2
BRDA:67,2,0,2
BRDA:67,2,1,0
BRDA:69,3,0,1
BRDA:69,3,1,1
BRDA:124,4,0,0
BRDA:181,5,0,0
BRDA:220,6,0,0
BRDA:254,7,0,0
BRF:11
BRH:5
end_of_record
TN:
SF:src/Components/Faculty/faculty.model.ts
FN:19,(anonymous_0)
FN:51,(anonymous_1)
FNF:2
FNH:2
FNDA:53,(anonymous_0)
FNDA:53,(anonymous_1)
DA:1,3
DA:2,3
DA:3,3
DA:5,3
DA:8,3
DA:20,53
DA:21,0
DA:51,3
DA:52,53
DA:53,53
DA:54,47
DA:56,53
DA:60,3
DA:61,3
LF:14
LH:13
BRDA:20,0,0,0
BRDA:53,1,0,47
BRF:2
BRH:1
end_of_record
TN:
SF:src/Components/Faculty/faculty.routes.ts
FN:13,(anonymous_0)
FN:18,(anonymous_1)
FNF:2
FNH:2
FNDA:3,(anonymous_0)
FNDA:3,(anonymous_1)
DA:1,3
DA:3,3
DA:4,3
DA:5,3
DA:6,3
DA:11,3
DA:14,3
DA:15,3
DA:20,3
DA:28,3
DA:31,3
DA:38,3
DA:46,3
DA:54,3
DA:62,3
DA:70,3
LF:16
LH:16
BRF:0
BRH:0
end_of_record
TN:
SF:src/Components/Student/student.DAL.ts
FN:9,createStudent
FN:22,findStudentByEmailId
FN:34,findStudents
FN:47,findStudentById
FN:59,deleteAll
FN:71,getBatchDepartmentWiseData
FN:174,getAbsentStudentBatchYearSemesterDateWise
FN:271,getMoreThen75PercentStudent
FN:389,getVacancySeat
FNF:9
FNH:3
FNDA:2,createStudent
FNDA:1,findStudentByEmailId
FNDA:0,findStudents
FNDA:6,findStudentById
FNDA:0,deleteAll
FNDA:0,getBatchDepartmentWiseData
FNDA:0,getAbsentStudentBatchYearSemesterDateWise
FNDA:0,getMoreThen75PercentStudent
FNDA:0,getVacancySeat
DA:2,3
DA:9,3
DA:10,2
DA:11,2
DA:13,0
DA:22,3
DA:23,1
DA:24,1
DA:26,0
DA:34,3
DA:35,0
DA:36,0
DA:38,0
DA:47,3
DA:48,6
DA:50,6
DA:59,3
DA:60,0
DA:61,0
DA:63,0
DA:71,3
DA:72,0
DA:73,0
DA:159,0
DA:163,0
DA:165,0
DA:174,3
DA:177,0
DA:178,0
DA:235,0
DA:236,0
DA:241,0
DA:243,0
DA:244,0
DA:249,0
DA:251,0
DA:252,0
DA:257,0
DA:259,0
DA:260,0
DA:262,0
DA:271,3
DA:274,0
DA:275,0
DA:352,0
DA:353,0
DA:358,0
DA:360,0
DA:361,0
DA:366,0
DA:368,0
DA:369,0
DA:374,0
DA:376,0
DA:379,0
DA:381,0
DA:389,3
DA:390,0
DA:391,0
DA:509,0
DA:510,0
DA:515,0
DA:517,0
DA:518,0
DA:523,0
DA:525,0
DA:529,0
DA:531,0
LF:68
LH:16
BRDA:235,0,0,0
BRDA:243,1,0,0
BRDA:251,2,0,0
BRDA:352,3,0,0
BRDA:360,4,0,0
BRDA:368,5,0,0
BRDA:509,6,0,0
BRDA:517,7,0,0
BRF:8
BRH:0
end_of_record
TN:
SF:src/Components/Student/student.controller.ts
FN:26,(anonymous_0)
FN:55,(anonymous_1)
FN:121,(anonymous_2)
FN:154,(anonymous_3)
FN:177,(anonymous_4)
FN:218,(anonymous_5)
FN:255,(anonymous_6)
FN:277,(anonymous_7)
FN:306,(anonymous_8)
FN:334,(anonymous_9)
FN:357,(anonymous_10)
FNF:11
FNH:6
FNDA:2,(anonymous_0)
FNDA:1,(anonymous_1)
FNDA:1,(anonymous_2)
FNDA:0,(anonymous_3)
FNDA:1,(anonymous_4)
FNDA:1,(anonymous_5)
FNDA:0,(anonymous_6)
FNDA:1,(anonymous_7)
FNDA:0,(anonymous_8)
FNDA:0,(anonymous_9)
FNDA:0,(anonymous_10)
DA:1,3
DA:4,3
DA:5,3
DA:7,3
DA:27,2
DA:28,2
DA:29,2
DA:30,2
DA:31,2
DA:40,0
DA:56,1
DA:57,1
DA:58,1
DA:59,0
DA:67,1
DA:68,1
DA:69,1
DA:70,1
DA:74,1
DA:75,1
DA:79,1
DA:81,1
DA:82,1
DA:91,0
DA:100,0
DA:109,0
DA:122,1
DA:123,1
DA:124,1
DA:125,1
DA:126,0
DA:131,1
DA:132,1
DA:133,1
DA:142,0
DA:155,0
DA:156,0
DA:157,0
DA:162,0
DA:178,1
DA:179,1
DA:180,1
DA:181,1
DA:182,1
DA:183,0
DA:189,1
DA:190,1
DA:192,1
DA:194,0
DA:203,1
DA:219,1
DA:220,1
DA:221,1
DA:223,1
DA:224,0
DA:229,1
DA:230,1
DA:239,0
DA:256,0
DA:257,0
DA:258,0
DA:262,0
DA:278,1
DA:279,1
DA:280,1
DA:281,0
DA:286,1
DA:291,0
DA:310,0
DA:311,0
DA:314,0
DA:319,0
DA:335,0
DA:336,0
DA:337,0
DA:342,0
DA:358,0
DA:359,0
DA:360,0
DA:365,0
DA:375,3
LF:81
LH:48
BRDA:58,0,0,0
BRDA:58,1,0,1
BRDA:58,1,1,1
BRDA:68,2,0,1
BRDA:68,2,1,0
BRDA:70,3,0,1
BRDA:70,3,1,0
BRDA:125,4,0,0
BRDA:182,5,0,0
BRDA:223,6,0,0
BRDA:280,7,0,0
BRF:11
BRH:4
end_of_record
TN:
SF:src/Components/Student/student.model.ts
FN:33,(anonymous_0)
FN:90,(anonymous_1)
FNF:2
FNH:2
FNDA:30,(anonymous_0)
FNDA:30,(anonymous_1)
DA:1,3
DA:2,3
DA:3,3
DA:7,3
DA:10,3
DA:22,3
DA:34,30
DA:35,0
DA:87,3
DA:90,3
DA:91,30
DA:92,30
DA:93,25
DA:95,30
DA:99,3
DA:100,3
LF:16
LH:15
BRDA:34,0,0,0
BRDA:92,1,0,25
BRF:2
BRH:1
end_of_record
TN:
SF:src/Components/Student/student.routes.ts
FN:12,(anonymous_0)
FN:17,(anonymous_1)
FNF:2
FNH:2
FNDA:3,(anonymous_0)
FNDA:3,(anonymous_1)
DA:1,3
DA:3,3
DA:4,3
DA:5,3
DA:10,3
DA:13,3
DA:14,3
DA:19,3
DA:27,3
DA:30,3
DA:37,3
DA:45,3
DA:52,3
DA:60,3
DA:68,3
DA:75,3
DA:81,3
DA:87,3
DA:96,3
LF:19
LH:19
BRF:0
BRH:0
end_of_record
TN:
SF:src/utils/adminAuth.ts
FN:1,(anonymous_0)
FNF:1
FNH:1
FNDA:8,(anonymous_0)
DA:1,3
DA:2,8
DA:3,8
DA:4,6
DA:6,2
DA:11,0
LF:6
LH:5
BRDA:3,0,0,6
BRDA:3,0,1,2
BRF:2
BRH:2
end_of_record
TN:
SF:src/utils/authentication.ts
FN:6,(anonymous_0)
FNF:1
FNH:1
FNDA:18,(anonymous_0)
DA:1,3
DA:2,3
DA:3,3
DA:4,3
DA:6,3
DA:7,18
DA:8,18
DA:9,18
DA:15,18
DA:18,18
DA:22,18
DA:23,0
DA:30,18
DA:31,18
DA:32,18
DA:34,0
DA:40,0
LF:17
LH:14
BRDA:18,0,0,2
BRDA:18,0,1,16
BRDA:22,1,0,0
BRDA:22,1,1,18
BRDA:30,2,0,18
BRDA:30,2,1,0
BRF:6
BRH:4
end_of_record
TN:
SF:src/utils/facultyAuth.ts
FN:1,(anonymous_0)
FNF:1
FNH:1
FNDA:6,(anonymous_0)
DA:1,3
DA:2,6
DA:3,6
DA:4,6
DA:6,0
DA:11,0
LF:6
LH:4
BRDA:3,0,0,6
BRDA:3,0,1,0
BRDA:3,1,0,6
BRDA:3,1,1,4
BRF:4
BRH:3
end_of_record
TN:
SF:src/utils/winston-logger.ts
FN:25,(anonymous_0)
FNF:1
FNH:1
FNDA:6,(anonymous_0)
DA:1,3
DA:2,3
DA:4,3
DA:17,3
DA:26,6
DA:31,3
LF:6
LH:6
BRF:0
BRH:0
end_of_record
TN:
SF:tests/databaseSetUpTest.ts
FN:108,(anonymous_0)
FNF:1
FNH:1
FNDA:23,(anonymous_0)
DA:1,3
DA:2,3
DA:3,3
DA:4,3
DA:5,3
DA:6,3
DA:8,3
DA:9,3
DA:10,3
DA:11,3
DA:12,3
DA:14,3
DA:21,3
DA:27,3
DA:41,3
DA:55,3
DA:68,3
DA:87,3
DA:108,3
DA:109,23
DA:110,23
DA:111,23
DA:112,23
DA:113,23
DA:114,23
DA:116,23
DA:120,3
LF:27
LH:27
BRF:0
BRH:0
end_of_record
