TN:
SF:src/app.ts
FN:24,(anonymous_0)
FN:28,(anonymous_1)
FN:34,(anonymous_2)
FN:38,(anonymous_3)
FN:45,(anonymous_4)
FN:49,(anonymous_5)
FN:53,(anonymous_6)
FNF:7
FNH:5
FNDA:3,(anonymous_0)
FNDA:3,(anonymous_1)
FNDA:3,(anonymous_2)
FNDA:3,(anonymous_3)
FNDA:3,(anonymous_4)
FNDA:0,(anonymous_5)
FNDA:0,(anonymous_6)
DA:1,3
DA:2,3
DA:3,3
DA:5,3
DA:6,3
DA:9,3
DA:10,3
DA:13,3
DA:16,3
DA:17,3
DA:18,3
DA:25,3
DA:27,3
DA:28,3
DA:29,3
DA:31,3
DA:32,3
DA:35,3
DA:36,3
DA:39,3
DA:43,3
DA:45,3
DA:46,3
DA:49,3
DA:50,0
DA:53,3
DA:54,0
DA:59,3
LF:28
LH:26
BRF:0
BRH:0
end_of_record
TN:
SF:src/application.routes.ts
FN:10,(anonymous_0)
FNF:1
FNH:1
FNDA:3,(anonymous_0)
DA:2,3
DA:3,3
DA:4,3
DA:5,3
DA:7,3
DA:9,3
DA:11,3
DA:12,3
DA:13,3
DA:14,3
DA:15,3
LF:11
LH:11
BRF:0
BRH:0
end_of_record
TN:
SF:src/config.ts
FNF:0
FNH:0
DA:1,3
DA:14,3
LF:2
LH:2
BRDA:3,0,0,3
BRDA:3,0,1,3
BRDA:6,1,0,3
BRDA:6,1,1,3
BRDA:7,2,0,3
BRDA:7,2,1,3
BRDA:8,3,0,3
BRDA:8,3,1,3
BRDA:11,4,0,3
BRDA:11,4,1,3
BRF:10
BRH:10
end_of_record
TN:
SF:src/index.ts
FN:6,(anonymous_0)
FN:11,(anonymous_1)
FN:12,(anonymous_2)
FNF:3
FNH:2
FNDA:3,(anonymous_0)
FNDA:3,(anonymous_1)
FNDA:0,(anonymous_2)
DA:1,3
DA:7,3
DA:8,3
DA:12,3
DA:13,0
DA:18,3
LF:6
LH:5
BRF:0
BRH:0
end_of_record
TN:
SF:src/Components/Attendance/attendance.DAL.ts
FN:7,fillAttendance
FN:9,(anonymous_1)
FN:14,(anonymous_2)
FNF:3
FNH:0
FNDA:0,fillAttendance
FNDA:0,(anonymous_1)
FNDA:0,(anonymous_2)
DA:1,3
DA:7,3
DA:8,0
DA:9,0
DA:10,0
DA:11,0
DA:12,0
DA:14,0
DA:17,0
DA:22,0
DA:25,0
DA:29,0
DA:31,0
LF:13
LH:2
BRDA:10,0,0,0
BRDA:10,1,0,0
BRDA:10,1,1,0
BRDA:10,1,2,0
BRDA:12,2,0,0
BRDA:12,2,1,0
BRF:6
BRH:0
end_of_record
TN:
SF:src/Components/Attendance/attendance.controller.ts
FN:14,(anonymous_0)
FNF:1
FNH:0
FNDA:0,(anonymous_0)
DA:3,3
DA:15,0
DA:17,0
DA:18,0
DA:21,0
DA:25,3
LF:6
LH:2
BRF:0
BRH:0
end_of_record
TN:
SF:src/Components/Attendance/attendance.routes.ts
FN:14,(anonymous_0)
FN:19,(anonymous_1)
FNF:2
FNH:2
FNDA:3,(anonymous_0)
FNDA:3,(anonymous_1)
DA:1,3
DA:5,3
DA:6,3
DA:7,3
DA:12,3
DA:15,3
DA:16,3
DA:21,3
DA:26,3
LF:9
LH:9
BRF:0
BRH:0
end_of_record
TN:
SF:src/Components/Department/department.DAL.ts
FN:11,createDepartment
FN:23,findDepartments
FN:36,findDepartmentById
FNF:3
FNH:3
FNDA:1,createDepartment
FNDA:1,findDepartments
FNDA:2,findDepartmentById
DA:4,3
DA:11,3
DA:12,1
DA:13,1
DA:15,0
DA:23,3
DA:24,1
DA:25,1
DA:27,0
DA:36,3
DA:37,2
DA:38,2
DA:40,0
LF:13
LH:10
BRF:0
BRH:0
end_of_record
TN:
SF:src/Components/Department/department.controller.ts
FN:19,(anonymous_0)
FN:47,(anonymous_1)
FN:74,(anonymous_2)
FN:106,(anonymous_3)
FNF:4
FNH:4
FNDA:1,(anonymous_0)
FNDA:1,(anonymous_1)
FNDA:1,(anonymous_2)
FNDA:1,(anonymous_3)
DA:5,3
DA:20,1
DA:21,1
DA:22,1
DA:23,1
DA:32,0
DA:48,1
DA:49,1
DA:50,1
DA:59,0
DA:75,1
DA:76,1
DA:77,1
DA:78,1
DA:79,0
DA:84,1
DA:85,3
DA:87,1
DA:88,1
DA:97,0
DA:107,1
DA:108,1
DA:109,1
DA:110,1
DA:111,0
DA:116,1
DA:117,1
DA:126,0
DA:136,3
LF:29
LH:23
BRDA:78,0,0,0
BRDA:110,1,0,0
BRF:2
BRH:0
end_of_record
TN:
SF:src/Components/Department/department.model.ts
FNF:0
FNH:0
DA:1,3
DA:3,3
DA:6,3
DA:35,3
DA:36,3
LF:5
LH:5
BRF:0
BRH:0
end_of_record
TN:
SF:src/Components/Department/department.routes.ts
FN:13,(anonymous_0)
FN:18,(anonymous_1)
FNF:2
FNH:2
FNDA:3,(anonymous_0)
FNDA:3,(anonymous_1)
DA:1,3
DA:3,3
DA:4,3
DA:6,3
DA:11,3
DA:14,3
DA:15,3
DA:20,3
DA:28,3
DA:36,3
DA:44,3
DA:53,3
LF:12
LH:12
BRF:0
BRH:0
end_of_record
TN:
SF:src/Components/Faculty/faculty.DAL.ts
FN:9,createFaculty
FN:21,findFacultyByEmailId
FN:33,findFaculties
FN:46,findFacultyById
FNF:4
FNH:3
FNDA:1,createFaculty
FNDA:2,findFacultyByEmailId
FNDA:0,findFaculties
FNDA:43,findFacultyById
DA:1,3
DA:2,3
DA:9,3
DA:10,1
DA:11,1
DA:13,0
DA:21,3
DA:22,2
DA:23,2
DA:25,0
DA:33,3
DA:34,0
DA:35,0
DA:37,0
DA:46,3
DA:47,43
DA:48,43
DA:50,0
LF:18
LH:12
BRF:0
BRH:0
end_of_record
TN:
SF:src/Components/Faculty/faculty.controller.ts
FN:25,(anonymous_0)
FN:55,(anonymous_1)
FN:123,(anonymous_2)
FN:157,(anonymous_3)
FN:181,(anonymous_4)
FN:222,(anonymous_5)
FN:257,(anonymous_6)
FNF:7
FNH:6
FNDA:1,(anonymous_0)
FNDA:2,(anonymous_1)
FNDA:1,(anonymous_2)
FNDA:0,(anonymous_3)
FNDA:3,(anonymous_4)
FNDA:1,(anonymous_5)
FNDA:1,(anonymous_6)
DA:3,3
DA:5,3
DA:6,3
DA:8,3
DA:26,1
DA:27,1
DA:28,1
DA:29,1
DA:30,1
DA:39,0
DA:56,2
DA:57,2
DA:58,2
DA:59,0
DA:68,2
DA:69,2
DA:70,2
DA:71,2
DA:75,1
DA:77,1
DA:81,1
DA:82,1
DA:83,1
DA:92,1
DA:101,0
DA:110,0
DA:124,1
DA:125,1
DA:126,1
DA:127,1
DA:128,0
DA:133,1
DA:134,1
DA:135,1
DA:144,0
DA:158,0
DA:159,0
DA:160,0
DA:165,0
DA:182,3
DA:183,3
DA:185,3
DA:186,3
DA:187,0
DA:193,3
DA:194,6
DA:196,3
DA:197,3
DA:206,0
DA:223,1
DA:224,1
DA:225,1
DA:226,1
DA:227,0
DA:232,1
DA:233,1
DA:242,0
DA:258,1
DA:259,1
DA:260,1
DA:261,0
DA:266,1
DA:271,0
DA:281,3
LF:64
LH:48
BRDA:58,0,0,0
BRDA:58,1,0,2
BRDA:58,1,1,2
BRDA:69,2,0,2
BRDA:69,2,1,0
BRDA:71,3,0,1
BRDA:71,3,1,1
BRDA:127,4,0,0
BRDA:186,5,0,0
BRDA:226,6,0,0
BRDA:260,7,0,0
BRF:11
BRH:5
end_of_record
TN:
SF:src/Components/Faculty/faculty.model.ts
FN:56,(anonymous_0)
FNF:1
FNH:1
FNDA:53,(anonymous_0)
DA:1,3
DA:2,3
DA:5,3
DA:8,3
DA:56,3
DA:57,53
DA:58,53
DA:59,47
DA:61,53
DA:65,3
DA:66,3
LF:11
LH:11
BRDA:58,0,0,47
BRF:1
BRH:1
end_of_record
TN:
SF:src/Components/Faculty/faculty.routes.ts
FN:13,(anonymous_0)
FN:18,(anonymous_1)
FNF:2
FNH:2
FNDA:3,(anonymous_0)
FNDA:3,(anonymous_1)
DA:1,3
DA:3,3
DA:4,3
DA:5,3
DA:6,3
DA:11,3
DA:14,3
DA:15,3
DA:20,3
DA:28,3
DA:31,3
DA:38,3
DA:46,3
DA:54,3
DA:62,3
DA:70,3
LF:16
LH:16
BRF:0
BRH:0
end_of_record
TN:
SF:src/Components/Student/student.DAL.ts
FN:9,createStudent
FN:22,findStudentByEmailId
FN:34,findStudents
FN:47,findStudentById
FN:58,deleteAll
FN:70,getBatchDepartmentWiseData
FN:173,getAbsentStudentBatchYearSemesterDateWise
FN:270,getMoreThen75PercentStudent
FN:388,getVacancySeat
FNF:9
FNH:3
FNDA:2,createStudent
FNDA:1,findStudentByEmailId
FNDA:0,findStudents
FNDA:8,findStudentById
FNDA:0,deleteAll
FNDA:0,getBatchDepartmentWiseData
FNDA:0,getAbsentStudentBatchYearSemesterDateWise
FNDA:0,getMoreThen75PercentStudent
FNDA:0,getVacancySeat
DA:1,3
DA:2,3
DA:9,3
DA:10,2
DA:11,2
DA:13,0
DA:22,3
DA:23,1
DA:24,1
DA:26,0
DA:34,3
DA:35,0
DA:36,0
DA:38,0
DA:47,3
DA:48,8
DA:49,8
DA:51,0
DA:58,3
DA:59,0
DA:60,0
DA:62,0
DA:70,3
DA:71,0
DA:72,0
DA:158,0
DA:162,0
DA:164,0
DA:173,3
DA:176,0
DA:177,0
DA:234,0
DA:235,0
DA:240,0
DA:242,0
DA:243,0
DA:248,0
DA:250,0
DA:251,0
DA:256,0
DA:258,0
DA:259,0
DA:261,0
DA:270,3
DA:273,0
DA:274,0
DA:351,0
DA:352,0
DA:357,0
DA:359,0
DA:360,0
DA:365,0
DA:367,0
DA:368,0
DA:373,0
DA:375,0
DA:378,0
DA:380,0
DA:388,3
DA:389,0
DA:390,0
DA:508,0
DA:509,0
DA:514,0
DA:516,0
DA:517,0
DA:522,0
DA:524,0
DA:528,0
DA:530,0
LF:70
LH:17
BRDA:234,0,0,0
BRDA:242,1,0,0
BRDA:250,2,0,0
BRDA:351,3,0,0
BRDA:359,4,0,0
BRDA:367,5,0,0
BRDA:508,6,0,0
BRDA:516,7,0,0
BRF:8
BRH:0
end_of_record
TN:
SF:src/Components/Student/student.controller.ts
FN:29,(anonymous_0)
FN:61,(anonymous_1)
FN:127,(anonymous_2)
FN:160,(anonymous_3)
FN:183,(anonymous_4)
FN:226,(anonymous_5)
FN:263,(anonymous_6)
FN:285,(anonymous_7)
FN:314,(anonymous_8)
FN:342,(anonymous_9)
FN:365,(anonymous_10)
FNF:11
FNH:6
FNDA:2,(anonymous_0)
FNDA:1,(anonymous_1)
FNDA:1,(anonymous_2)
FNDA:0,(anonymous_3)
FNDA:2,(anonymous_4)
FNDA:1,(anonymous_5)
FNDA:0,(anonymous_6)
FNDA:1,(anonymous_7)
FNDA:0,(anonymous_8)
FNDA:0,(anonymous_9)
FNDA:0,(anonymous_10)
DA:4,3
DA:7,3
DA:8,3
DA:10,3
DA:30,2
DA:31,2
DA:33,2
DA:36,2
DA:37,2
DA:46,0
DA:62,1
DA:63,1
DA:64,1
DA:65,0
DA:73,1
DA:74,1
DA:75,1
DA:76,1
DA:80,1
DA:81,1
DA:85,1
DA:87,1
DA:88,1
DA:97,0
DA:106,0
DA:115,0
DA:128,1
DA:129,1
DA:130,1
DA:131,1
DA:132,0
DA:137,1
DA:138,1
DA:139,1
DA:148,0
DA:161,0
DA:162,0
DA:163,0
DA:168,0
DA:184,2
DA:185,2
DA:187,2
DA:189,2
DA:190,1
DA:196,1
DA:197,1
DA:200,1
DA:202,1
DA:211,0
DA:227,1
DA:228,1
DA:229,1
DA:231,1
DA:232,0
DA:237,1
DA:238,1
DA:247,0
DA:264,0
DA:265,0
DA:266,0
DA:270,0
DA:286,1
DA:287,1
DA:288,1
DA:289,0
DA:294,1
DA:299,0
DA:318,0
DA:319,0
DA:322,0
DA:327,0
DA:343,0
DA:344,0
DA:345,0
DA:350,0
DA:366,0
DA:367,0
DA:368,0
DA:373,0
DA:383,3
LF:80
LH:48
BRDA:64,0,0,0
BRDA:64,1,0,1
BRDA:64,1,1,1
BRDA:74,2,0,1
BRDA:74,2,1,0
BRDA:76,3,0,1
BRDA:76,3,1,0
BRDA:131,4,0,0
BRDA:189,5,0,1
BRDA:231,6,0,0
BRDA:288,7,0,0
BRF:11
BRH:5
end_of_record
TN:
SF:src/Components/Student/student.model.ts
FN:92,(anonymous_0)
FNF:1
FNH:1
FNDA:30,(anonymous_0)
DA:1,3
DA:2,3
DA:7,3
DA:10,3
DA:22,3
DA:89,3
DA:92,3
DA:93,30
DA:94,30
DA:95,25
DA:97,30
DA:101,3
DA:102,3
LF:13
LH:13
BRDA:94,0,0,25
BRF:1
BRH:1
end_of_record
TN:
SF:src/Components/Student/student.routes.ts
FN:12,(anonymous_0)
FN:17,(anonymous_1)
FNF:2
FNH:2
FNDA:3,(anonymous_0)
FNDA:3,(anonymous_1)
DA:1,3
DA:3,3
DA:4,3
DA:5,3
DA:10,3
DA:13,3
DA:14,3
DA:19,3
DA:27,3
DA:30,3
DA:37,3
DA:45,3
DA:52,3
DA:60,3
DA:68,3
DA:75,3
DA:81,3
DA:87,3
DA:96,3
LF:19
LH:19
BRF:0
BRH:0
end_of_record
TN:
SF:src/utils/adminAuth.ts
FN:1,(anonymous_0)
FNF:1
FNH:1
FNDA:8,(anonymous_0)
DA:1,3
DA:2,8
DA:3,8
DA:4,6
DA:6,2
DA:11,0
LF:6
LH:5
BRDA:3,0,0,6
BRDA:3,0,1,2
BRF:2
BRH:2
end_of_record
TN:
SF:src/utils/authentication.ts
FN:6,(anonymous_0)
FNF:1
FNH:1
FNDA:20,(anonymous_0)
DA:1,3
DA:2,3
DA:3,3
DA:4,3
DA:6,3
DA:7,20
DA:8,20
DA:9,20
DA:14,20
DA:17,20
DA:21,20
DA:22,0
DA:29,20
DA:30,20
DA:31,20
DA:33,0
DA:39,0
LF:17
LH:14
BRDA:17,0,0,3
BRDA:17,0,1,17
BRDA:21,1,0,0
BRDA:29,2,0,20
BRDA:29,2,1,0
BRF:5
BRH:3
end_of_record
TN:
SF:src/utils/facultyAuth.ts
FN:1,(anonymous_0)
FNF:1
FNH:1
FNDA:6,(anonymous_0)
DA:1,3
DA:2,6
DA:3,6
DA:4,6
DA:6,0
DA:11,0
LF:6
LH:4
BRDA:3,0,0,6
BRDA:3,0,1,0
BRDA:3,1,0,6
BRDA:3,1,1,4
BRF:4
BRH:3
end_of_record
TN:
SF:src/utils/winston-logger.ts
FN:25,(anonymous_0)
FNF:1
FNH:1
FNDA:6,(anonymous_0)
DA:1,3
DA:2,3
DA:4,3
DA:17,3
DA:26,6
DA:31,3
LF:6
LH:6
BRF:0
BRH:0
end_of_record
TN:
SF:tests/databaseSetUpTest.ts
FN:108,(anonymous_0)
FNF:1
FNH:1
FNDA:23,(anonymous_0)
DA:1,3
DA:2,3
DA:3,3
DA:4,3
DA:5,3
DA:6,3
DA:8,3
DA:9,3
DA:10,3
DA:11,3
DA:12,3
DA:14,3
DA:21,3
DA:27,3
DA:41,3
DA:55,3
DA:68,3
DA:87,3
DA:108,3
DA:109,23
DA:110,23
DA:111,23
DA:112,23
DA:113,23
DA:114,23
DA:116,23
DA:120,3
LF:27
LH:27
BRF:0
BRH:0
end_of_record
